#
#
#   WARNING: Blank uncommented lines are not permitted in .sta files
#
#   carlsta/subtrig.sta  FOR PNSN
#      98/04/16
#
#   PNSN station list
#
# Arbitrary Station Component Network Location Trigger
#           Code    Code      Code    Code     Time To Live
# --------- ------- ------- --------- -------- ------------
  station   GMW     EHZ     UW        --       10
  station   GSM     EHZ     UW        --       10
  station   BLN     EHZ     UW        --       10
  station   CPW     EHZ     UW        --       10
  station   JCW     EHZ     UW        --       10
  station   FMW     EHZ     UW        --       10
  station   BOW     EHZ     UW        --       10
  station   MBW     EHZ     UW        --       10
  station   MCW     EHZ     UW        --       10
  station   RER     EHZ     UW        --       10
  station   STW     EHZ     UW        --       10
  station   SMW     EHZ     UW        --       10
  station   OHW     EHZ     UW        --       10
  station   HTW     EHZ     UW        --       10
  station   BHW     EHZ     UW        --       10
  station   GHW     EHZ     UW        --       10
  station   CMW     EHZ     UW        --       10
  station   RMW     EHZ     UW        --       10
  station   PGW     EHZ     UW        --       10
  station   RPW     EHZ     UW        --       12
  station   MEW     EHZ     UW        --       10
  station   LCW     EHZ     UW        --       10
  station   RVW     EHZ     UW        --       10
  station   NLO     EHZ     UW        --       12
  station   SHW     EHZ     UW        --       10
  station   LMW     EHZ     UW        --       10
  station   RVC     EHZ     UW        --       10
  station   HDW     EHZ     UW        --       10
  station   RCS     EHZ     UW        --       10
  station   MDW     EHZ     UW        --       10
  station   RC1     EHZ     UW        --       10
  station   OT3     EHZ     UW        --       10
  station   WA2     EHZ     UW        --       10
  station   CRF     EHZ     UW        --       10
  station   GBL     EHZ     UW        --       10
  station   WIW     EHZ     UW        --       10
  station   LOC     EHZ     UW        --       10
  station   BPO     EHZ     UW        --       10
  station   PRO     EHZ     UW        --       10
  station   MJ2     EHZ     UW        --       10
  station   RSW     EHZ     UW        --       10
  station   WG4     EHZ     UW        --       10
  station   ET3     EHZ     UW        --       10
  station   PAT     EHZ     UW        --       10
  station   LNO     EHZ     UW        --       12
  station   NEL     EHZ     UW        --       10
  station   HSO     EHZ     UW        --       10
  station   SAW     EHZ     UW        --       10
  station   WAT     EHZ     UW        --       10
  station   ETW     EHZ     UW        --       10
  station   CBS     EHZ     UW        --       10
  station   DY2     EHZ     UW        --       10
  station   HBO     EHZ     UW        --       10
  station   DPW     EHZ     UW        --       14
  station   EPH     EHZ     UW        --       10
  station   OD2     EHZ     UW        --       12
  station   MPO     EHZ     UW        --       14
  station   BVW     EHZ     UW        --       10
  station   VT2     EHZ     UW        --       10
  station   WRD     EHZ     UW        --       10
  station   NAC     EHZ     UW        --       10
  station   SSO     EHZ     UW        --       10
  station   BRV     EHZ     UW        --       10
  station   MOX     EHZ     UW        --       10
  station   YA2     EHZ     UW        --       10
  station   OCP     EHZ     UW        --       10
  station   OOW     EHZ     UW        --       10
  station   OBC     EHZ     UW        --       10
  station   OSD     EHZ     UW        --       10
  station   OTR     EHZ     UW        --       10
  station   OFR     EHZ     UW        --       10
  station   JUN     EHZ     UW        --       10
  station   LVP     EHZ     UW        --       10
  station   MTM     EHZ     UW        --       10
  station   SEP     EHZ     UW        --       10
  station   CDF     EHZ     UW        --       10
  station   RNO     EHZ     UW        --       10
  station   EDM     EHZ     UW        --       10
  station   TDL     EHZ     UW        --       10
  station   STD     EHZ     UW        --       10
  station   HSR     EHZ     UW        --       10
  station   SOS     EHZ     UW        --       10
  station   CMM     EHZ     UW        --       10
  station   NCO     EHZ     UW        --       10
  station   ELK     EHZ     UW        --       10
  station   RC1     EHN     UW        --       10
  station   FL2     EHZ     UW        --       10
  station   VG2     EHZ     UW        --       10
  station   GMO     EHZ     UW        --       10
  station   PGO     EHZ     UW        --       10
  station   WPO     EHZ     UW        --       10
  station   VLM     EHZ     UW        --       10
  station   TDH     EHZ     UW        --       10
  station   KMO     EHZ     UW        --       12
  station   TKO     EHZ     UW        --       12
  station   VGB     EHZ     UW        --       10
  station   VCR     EHZ     UW        --       10
  station   VIP     EHZ     UW        --       10
  station   RCM     EHZ     UW        --       10
  station   JBO     EHZ     UW        --       12
  station   VTH     EHZ     UW        --       10
  station   VBE     EHZ     UW        --       10
  station   GL2     EHZ     UW        --       10
  station   VFP     EHZ     UW        --       10
  station   VLL     EHZ     UW        --       10
  station   AUG     EHZ     UW        --       10
  station   GUL     EHZ     UW        --       10
  station   ASR     EHZ     UW        --       10
  station   WPW     EHZ     UW        --       10
  station   GLK     EHZ     UW        --       10
  station   DBO     EHZ     UW        --       14
  station   YEL     EHZ     UW        --       10
  station   TCO     EHZ     UW        --       10
  station   LO2     EHZ     UW        --       10
  station   BBO     EHZ     UW        --       14
  station   FBO     EHZ     UW        --       14
  station   VSP     EHZ     UW        --       14
  station   VRC     EHZ     UW        --       14
  station   HAM     EHZ     UW        --       10
  station   LAB     EHZ     UW        --       10
  station   LAB     ELZ     UW        --       10
  station   LAB     EHN     UW        --       10
  station   LAB     EHE     UW        --       10
  station   HOG     EHZ     UW        --       10
  station   WIB     EHZ     UW        --       10
  station   ONR     EHZ     UW        --       10
  station   OBH     EHZ     UW        --       10
  station   TRW     EHZ     UW        --       12
  station   KOS     EHZ     UW        --       10
  station   RVN     EHZ     UW        --       10
  station   OSR     EHZ     UW        --       10
  station   TBM     EHZ     UW        --       10
  station   TWW     EHZ     UW        --       10
  station   ELL     EHZ     UW        --       10

