 1	   0   ALS  HHZ  BB 01    3     60     0.939 3.0 0.6 0.010   8.0 0.9961 1000000  0.01   0.0002
 1	   1   ALS  HSZ  ST 01    3     50     0.939 3.0 0.6 0.020   9.0 0.9961 1000000  0.04   0.001
 0	   2   ALS  HLZ  ST 01    3    100     0.939 3.0 0.6 0.015   6.0 0.9961 1000000  0.03   0.0001
 0	   3   ANP  HLZ  ST 01    3     80     0.939 3.0 0.8 0.010   8.5 0.9961 1000000  0.03   0.001
 1	   4  CHGB  HHZ  BS 01    3     50     0.939 3.0 0.6 0.020   9.0 0.9961 1000000  0.02   0.0005
 1	   5   CHK  HHZ  BB 02    5    100     0.939 3.0 0.6 0.015   6.0 0.9961 1000000  0.01   0.0001
 1	   6   CHK  HLZ  BB 02    5    100     0.939 3.0 0.6 0.015   6.0 0.9961 1000000  0.01   0.002
 1	   7   CHK  HHZ  BB 01    3    100     0.939 3.0 0.6 0.015   9.0 0.9961 1000000  0.07   0.002
 1	   8   CHK  HLZ  ST 01    3     70     0.939 3.0 0.6 0.015   9.0 0.9961 1000000  0.1    0.003
 0	   9  CHN1  HLZ  ST 01    3    100     0.939 3.0 0.6 0.015   7.0 0.9961 1000000  0.01   0.00001
 1	  10  CHN1  HSZ  ST 01    3     50     0.939 3.0 0.6 0.015   7.5 0.9961 1000000  0.006  0.0001
 1	  11  CHN2  HLZ  ST 01    3    100     0.939 3.0 0.8 0.015   7.5 0.9961 1000000  0.1   0.01
 1	  12  CHN2  HSZ  ST 01    3     60     0.839 3.0 0.6 0.015   8.0 0.9961 1000000  0.06   0.001
 1	  13  CHN3  HLZ  ST 01    3     80     0.839 3.0 0.8 0.010   8.0 0.9961 1000000  0.03   0.01
 1	  14  CHN3  HSZ  ST 01    3    100     0.939 3.0 0.8 0.015   8.0 0.9961 1000000  0.05   0.008
 1	  15  CHN4  HSZ  ST 01    3     60     0.739 3.0 0.6 0.015   8.5 0.9961 1000000  0.008  0.0005
 0	  16  CHN4  HLZ  ST 01    3    100     0.939 3.0 0.8 0.015   5.0 0.9961 1000000  0.01   0.0005
 1	  17  CHN5  HSZ  ST 01    3     70     0.939 3.0 0.6 0.015   8.5 0.9961 1000000  0.03   0.0007
 0	  18  CHN5  HLZ  ST 01    3    100     0.939 3.0 0.8 0.015   6.0 0.9961 1000000  0.01   0.0003
 0	  19  CHN8  HLZ  ST 01    5    100     0.939 3.0 0.6 0.015   9.0 0.9961 1000000  0.06   0.004
 0	  20  CHN8  HSZ  ST 01    3    100     0.939 3.0 0.6 0.015   9.0 0.9961 1000000  0.03   0.006
 1	  21   CHY  HLZ  BH 01    3    100     0.939 3.0 0.6 0.015   8.0 0.9961 1000000  0.055  0.005
 1	  22   CHY  HLZ  BH 02    3    100     0.939 3.0 0.6 0.015   7.0 0.9961 1000000  0.02   0.007
 1	  23   CHY  HHZ  BH 02    3    100     0.939 3.0 0.6 0.020   7.0 0.9961 1000000  0.05   0.001
 1	  24   CHY  HLZ  ST 01    3    70      0.939 3.0 0.6 0.015   8.0 0.9961 1000000  0.1    0.001
 1	  25  DPDB  HHZ  BB 01    3    20      0.939 3.0 0.6 0.020   8.0 0.9961 1000000  0.05   0.003
 1	  26   EAS  HSZ  ST 01    3    60      0.939 3.0 0.6 0.015   8.0 0.9961 1000000  0.02   0.0005
 1	  27   EAS  HLZ  ST 01    3    80      0.939 3.0 0.6 0.015   8.0 0.9961 1000000  0.02   0.0005
 0	  28   EAS  HHZ  BB 01    3    100     0.939 3.0 0.8 0.015   6.0 0.9961 1000000  0.01   0.0008
 1	  29   ECL  HSZ  ST 01    3     60     0.939 3.0 0.6 0.015   8.0 0.9961 1000000  0.03   0.0005
 0	  30   ECL  HLZ  BH 01    3    100     0.939 3.0 0.6 0.015   6.0 0.9961 1000000  0.01   0.0001
 1	  31   ECL  HHZ  BH 02    5    100     0.939 3.0 0.6 0.015   6.0 0.9961 1000000  0.01   0.0001
 1	  32   ECL  HLZ  ST 01    5     60     0.939 3.0 0.6 0.015   8.5 0.9961 1000000  0.1    0.002
 0	  33   ECL  HLZ  BH 02    4     50     0.939 3.0 0.6 0.015   6.0 0.9961 1000000  0.02   0.001
 1	  34  EGFH  HHZ  BH 02    2     70     0.939 3.0 0.6 0.015   7.5 0.9961 1000000  0.01   0.0001
 1	  35  EGFH  HLZ  BH 02    3     80     0.839 3.0 0.6 0.015   8.0 0.9961 1000000  0.07   0.001
 1	  36  EGFH  HLZ  BH 01    3     60     0.939 3.0 0.6 0.015   9.0 0.9961 1000000  0.005  0.008
 0	  37   EGS  HLZ  ST 01    3     50     0.939 3.0 0.6 0.015   9.0 0.9961 1000000  0.03   0.025
 1	  38   EGS  HSZ  ST 01    3     80     0.939 3.0 0.8 0.015   9.5 0.9961 1000000  0.05   0.002
 1	  39   EHY  HLZ  ST 01    5     50     0.939 3.0 0.4 0.020   8.5 0.9961 1000000  0.05   0.0015
 1	  40   EHY  HSZ  ST 01    5     50     0.939 3.0 0.6 0.020   8.0 0.9961 1000000  0.01   0.002
 1	  41   ELD  HHZ  BB 01    3     60     0.939 3.0 0.6 0.020   8.0 0.9961 1000000  0.1    0.006
 1	  42   ELD  HLZ  ST 01    3     50     0.639 3.0 0.8 0.010   9.0 0.9961 1000000  0.40   0.015
 1	  43   ELD  HSZ  ST 01    3     80     0.639 3.0 0.8 0.005   5.5 0.9961 1000000  0.5    0.015
 1	  44   ENA  HSZ  ST 01    3     60     0.939 3.0 0.4 0.015   9.0 0.9961 1000000  0.1    0.003
 1	  45   ENA  HLZ  ST 01    5     50     0.939 3.0 0.6 0.010   9.0 0.9961 1000000  0.2    0.01
 1	  46  ENAH  HLZ  BH 02    5    100     0.939 3.0 0.6 0.015   6.0 0.9961 1000000  0.01   0.0001
 1	  47  ENAH  HLZ  BH 01   10    100     0.939 3.0 0.6 0.015   6.0 0.9961 1000000  0.02   0.001
 1	  48  ENAH  HHZ  BH 02    5    100     0.939 3.0 0.6 0.015   6.0 0.9961 1000000  0.01   0.0001
 1	  49  ENLB  HHZ  BB 01    3    100     0.939 3.0 0.6 0.015   7.0 0.9961 1000000  0.04   0.001
 1	  50   ENT  HLZ  ST 01    3    100     0.939 3.0 0.8 0.005   7.0 0.9961 1000000  0.001   0.0003
 1	  51   ENT  HSZ  ST 01    3    100     0.939 3.0 0.6 0.015   8.0 0.9961 1000000  0.01   0.002
 1	  52  EOS1  HLZ  OS 03    3    100     0.939 3.0 0.4 0.015   8.0 0.9961 1000000  0.05   0.0001
 1	  54  EOS1  HHZ  OS 03    3    100     0.839 3.0 0.4 0.015   8.0 0.9961 1000000  0.05   0.0015
 1	  55   ESL  HSZ  ST 01    5     60     0.939 3.0 0.4 0.020   8.0 0.9961 1000000  0.03   0.001
 1	  56   ESL  HLZ  ST 01    5     50     0.939 3.0 0.4 0.020   8.0 0.9961 1000000  0.15   0.02
 0	  57   ESL  HHZ  BB 01    3    100     0.939 3.0 0.6 0.015   7.0 0.9961 1000000  0.01   0.0001
 1	  58  ETLH  HLZ  BH 01    3     80     0.939 3.0 0.8 0.010   7.0 0.9961 1000000  0.15   0.15
 0	  59  ETLH  HLZ  BH 02    3     30     0.839 3.0 0.8 0.005   7.0 0.9961 1000000  0.1    0.0001
 1	  60  ETLH  HHZ  BH 02    3     40     0.839 3.0 0.8 0.010   8.5 0.9961 1000000  0.003   0.0001
 1	  61  FULB  HHZ  BB 01    3    100     0.939 3.0 0.6 0.015   7.0 0.9961 1000000  0.012  0.0003
 1	  62  FULB  HLZ  BB 01    3     50     0.939 3.0 0.6 0.010   7.5 0.9961 1000000  0.03   0.0001
 1	  63   HEN  HLZ  ST 01    5    100     0.939 3.0 0.6 0.015   8.0 0.9961 1000000  0.15   0.005
 1	  64   HEN  HSZ  ST 02    5    100     0.939 3.0 0.6 0.015   6.0 0.9961 1000000  0.01   0.0004
 1	  65  HGSD  HHZ  BS 02    3     40     0.739 3.0 0.6 0.015	 8.0 0.9961 1000000  0.01   0.0001
 1	  66   HSN  HLZ  BB 02    5    100     0.939 3.0 0.6 0.015   6.0 0.9961 1000000  0.01   0.0001
 1	  67   HSN  HHZ  BB 02    5    100     0.939 3.0 0.6 0.015   6.0 0.9961 1000000  0.01   0.0006
 1	  68   HSN  HHZ  BB 01    3    100     0.939 3.0 0.6 0.015   6.0 0.9961 1000000  0.01   0.004
 1	  69   HSN  HLZ  ST 01    3     50     0.939 3.0 0.6 0.015   8.5 0.9961 1000000  0.01   0.005
 1	  70   HWA  HHZ  BH 02    3     50     0.939 3.0 0.6 0.015   7.0 0.9961 1000000  0.01   0.0004
 1	  71   HWA  HSZ  ST 02    3    100     0.939 3.0 0.6 0.015   7.0 0.9961 1000000  0.07   0.001
 1	  72   HWA  HLZ  ST 01    3     50     0.939 3.0 0.4 0.010   8.0 0.9961 1000000  0.2    0.003
 0	  73   HWA  HLZ  BH 02    5    100     0.939 3.0 0.6 0.015   6.0 0.9961 1000000  0.01   0.0001
 1	  74   ILA  HSZ  ST 01    3    100     0.939 3.0 0.6 0.015   7.0 0.9961 1000000  0.1    0.005
 0	  75   ILA  HLZ  ST 01   10    100     0.939 3.0 0.6 0.015   9.0 0.9961 1000000  0.05   0.006
 1	  76   ILA  HLZ  BH 02    3     60     0.939 3.0 0.6 0.015   6.0 0.9961 1000000  0.01   0.001
 1	  77   ILA  HHZ  BH 02    3     60     0.939 3.0 0.6 0.015   9.0 0.9961 1000000  0.05   0.002
 1	  78   JMJ  HSZ  JN 01    3    100     0.939 3.0 0.6 0.015   8.0 0.9961 1000000  0.01   0.0001
 0	  79   JOW  HHZ  JN 01    2    100     0.939 3.0 0.6 0.015   6.0 0.9961 1000000  0.01   0.0001
 1	  80   KAU  HLZ  ST 01    5    100     0.939 3.0 0.6 0.015   7.0 0.9961 1000000  0.01   0.02
 1	  81   KAU  HSZ  ST 02    3    100     0.939 3.0 0.6 0.015   7.0 0.9961 1000000  0.07   0.04
 1	  82  KMNB  HHZ  BS 01    3    100     0.939 3.0 0.6 0.015   5.0 0.9961 1000000  0.01   0.0005
 1	  83   KNM  HSZ  ST 01    5     60     0.939 3.0 0.6 0.015   8.0 0.9961 1000000  0.02   0.0004
 0	  84   KNM  HLZ  ST 01    3    100     0.939 3.0 0.6 0.015   6.0 0.9961 1000000  0.01   0.0001
 1	  85   LAY  HHZ  BH 02    3     50     0.839 3.0 0.6 0.020   7.0 0.9961 1000000  0.02   0.0001
 0	  86   LAY  HLZ  BH 02    3    100     0.939 3.0 0.8 0.005   5.0 0.9961 1000000  0.01   0.0001
 0	  87   LAY  HLZ  ST 01   10    100     0.939 3.0 0.6 0.015   9.0 0.9961 1000000  0.01   0.05
 1	  88   LAY  HSZ  ST 01    3    100     0.939 3.0 0.8 0.010   7.5 0.9961 1000000  0.1    0.005
 1	  89   LAY  HHZ  BB 01    3    100     0.939 3.0 0.6 0.015   6.0 0.9961 1000000  0.01   0.001
 1	  90  LIOB  HHZ  BB 01    3    100     0.939 3.0 0.6 0.020   7.5 0.9961 1000000  0.01   0.0008
 1	  91  MASB  HHZ  BS 01    3     50     0.939 3.0 0.8 0.010   7.5 0.9961 1000000  0.006  0.0008
 1	  92  MATB  HHZ  BS 01    3    100     0.939 3.0 0.6 0.015   8.0 0.9961 1000000  0.01   0.0006
 1	  93  NACB  HHZ  BS 01    3     50     0.839 3.0 0.8 0.015   8.5 0.9961 1000000  0.02   0.0001
 1	  94  NANB  HHZ  BB 01    5    100     0.939 3.0 0.6 0.015   8.0 0.9961 1000000  0.01   0.0005
 1	  95   NCU  HSZ  ST 01    5    100     0.839 3.0 0.6 0.015   8.0 0.9961 1000000  0.01   0.002
 1	  96   NCU  HLZ  ST 01    5    100     0.939 3.0 0.4 0.015   8.0 0.9961 1000000  0.14   0.002
 1	  97  NCUH  HLZ  BH 02    3     60     0.939 3.0 0.6 0.015   8.0 0.9961 1000000  0.05   0.000001
 1	  98  NCUH  HHZ  BH 02    3     80     0.939 3.0 0.6 0.015   9.0 0.9961 1000000  0.01   0.0001
 0	  99  NCUH  HLZ  BH 01    5    100     0.939 3.0 0.6 0.015   6.0 0.9961 1000000  0.05   0.001
 1	 100   NDT  HLZ  BH 01    3     60     0.839 3.0 0.8 0.010   8.0 0.9961 1000000  0.06   0.004
 0	 101   NDT  HLZ  BH 02    3     30     0.739 3.0 0.8 0.005   7.0 0.9961 1000000  0.01   0.0001
 0	 102   NDT  HHZ  BH 02    2     20     0.839 3.0 0.6 0.015   7.0 0.9961 1000000  0.005  0.0002
 1	 103  NHDH  HHZ  BH 02    2     80     0.839 3.0 0.6 0.020   7.0 0.9961 1000000  0.01   0.0001
 1	 104  NHDH  HLZ  BH 02    3     50     0.939 3.0 0.6 0.015   7.0 0.9961 1000000  0.01   0.0008
 0	 105  NHDH  HLZ  BH 01    3    100     0.939 3.0 0.6 0.015   6.0 0.9961 1000000  0.01   0.003
 1	 106  NMLH  HHZ  BH 02    3     60     0.839 3.0 0.8 0.020   9.5 0.9961 1000000  0.01   0.001
 0	 107  NMLH  HLZ  BH 02    5    100     0.939 3.0 0.8 0.015   6.0 0.9961 1000000  0.07   0.005
 0	 108  NMLH  HLZ  BH 01    3    100     0.939 3.0 0.6 0.015   6.0 0.9961 1000000  0.01   0.0001
 1	 109   NNS  HLZ  ST 01    3    100     0.939 3.0 0.8 0.005   8.0 0.9961 1000000  0.01   0.005
 1	 110   NNS  HSZ  ST 01    3    100     0.939 3.0 0.6 0.015   6.0 0.9961 1000000  0.08   0.003
 1	 111  NNSB  HHZ  BS 01    3     60     0.939 3.0 0.6 0.010   8.0 0.9961 1000000  0.01   0.005
 0	 112  NNSH  HLZ  BH 02    3     60     0.939 3.0 0.8 0.015   8.0 0.9961 1000000  0.03   0.001
 0	 113  NNSH  HHZ  BH 02    3     50     0.839 3.0 0.8 0.010   7.5 0.9961 1000000  0.03   0.002
 1	 114  NNSH  HLZ  BH 01    5     50     0.939 3.0 0.6 0.020   7.5 0.9961 1000000  0.03   0.006
 1	 115   NSK  HSZ  ST 01    3     40     0.939 3.0 0.6 0.020   8.5 0.9961 1000000  0.02   0.001
 1	 116   NSK  HLZ  ST 01    3     80     0.939 3.0 0.8 0.010   8.0 0.9961 1000000  0.07   0.001
 1	 117   NST  HSZ  ST 01    3     80     0.939 3.0 0.6 0.015   7.0 0.9961 1000000  0.01   0.003
 1	 118   NST  HLZ  ST 01    3     80     0.839 3.0 0.6 0.015   9.0 0.9961 1000000  0.01   0.01
 1	 119   NSY  HSZ  ST 01    3     80     0.939 3.0 0.6 0.015   7.0 0.9961 1000000  0.04   0.008
 0	 120   NSY  HLZ  ST 01   10    100     0.939 3.0 0.6 0.015   7.0 0.9961 1000000  0.05   0.006
 0	 121   NTC  HLZ  BH 02    5    100     0.939 3.0 0.6 0.015   6.0 0.9961 1000000  0.01   0.0001
 1	 122   NTC  HLZ  BH 01    5     50     0.939 3.0 0.6 0.020   7.0 0.9961 1000000  0.05   0.1
 1	 123   NTC  HHZ  BH 02    3     50     0.739 3.0 0.8 0.015   9.0 0.9961 1000000  0.03   0.001
 0	 124   NTS  HLZ  BH 01   10    100     0.939 3.0 0.6 0.015   6.0 0.9961 1000000  0.01   0.0001
 0	 125   NTS  HLZ  BH 02    5    100     0.939 3.0 0.6 0.015   6.0 0.9961 1000000  0.01   0.0001
 1	 126   NTS  HHZ  BH 02    2    100     0.939 3.0 0.6 0.015   5.0 0.9961 1000000  0.01   0.0006
 0	 127   NWF  HSZ  ST 01    3    100     0.939 3.0 0.6 0.015   8.0 0.9961 1000000  0.01   0.001
 0	 128   NWF  HLZ  ST 01    5    100     0.939 3.0 0.6 0.015   5.0 0.9961 1000000  0.01   0.003
 1	 129   NWL  HLZ  BH 01    3     50     0.839 3.0 0.8 0.010   8.0 0.9961 1000000  0.01   0.004
 0	 130   NWL  HLZ  BH 02    3    100     0.939 3.0 0.6 0.015   6.0 0.9961 1000000  0.01   0.002
 1	 131   NWL  HHZ  BH 02    3     70     0.839 3.0 0.8 0.010   9.0 0.9961 1000000  0.005  0.0002
 1	 132   OWD  HLZ  BH 02    3    100     0.939 3.0 0.6 0.010   6.0 0.9961 1000000  0.01   0.0001
 1	 133   OWD  HHZ  BH 02    3     50     0.939 3.0 0.6 0.015   7.0 0.9961 1000000  0.01   0.001
 1	 134   OWD  HLZ  BH 01    5    100     0.939 3.0 0.4 0.020   8.5 0.9961 1000000  0.01   0.004
 1	 135   PCY  HSZ  ST 01    3    100     0.939 3.0 0.6 0.015   7.0 0.9961 1000000  0.01   0.001
 0	 136   PCY  HLZ  ST 01    3    100     0.939 3.0 0.8 0.005   6.0 0.9961 1000000  0.03   0.0001
 1	 137   PCY  HHZ  BB 01    3    100     0.839 3.0 0.6 0.015   6.0 0.9961 1000000  0.03   0.006
 1	 138  PHUB  HHZ  BS 01    3    100     0.839 3.0 0.6 0.015   8.0 0.9961 1000000  0.02   0.001
 0	 139   PNG  HLZ  BH 02    8    100     0.939 3.0 0.6 0.015   6.0 0.9961 1000000  0.01   0.005
 0	 140   PNG  HLZ  ST 01   10    100     0.939 3.0 0.6 0.015   8.0 0.9961 1000000  0.04   0.005
 0	 141   PNG  HHZ  BH 02    3    100     0.939 3.0 0.6 0.015   7.0 0.9961 1000000  0.01   0.005
 0	 142   PNG  HLZ  BH 01   10    100     0.939 3.0 0.6 0.015   6.0 0.9961 1000000  0.01   0.005
 1	 143   PNG  HSZ  ST 01    3     60     0.939 3.0 0.6 0.015   8.0 0.9961 1000000  0.03   0.002
 1	 144  PTSB  HHZ  BB 01    3    100     0.939 3.0 0.6 0.015   6.0 0.9961 1000000  0.04   0.001
 1	 145  RLNB  HHZ  BS 02    2    100     0.939 3.0 0.6 0.015   5.0 0.9961 1000000  0.01   0.009
 1	 146  SANB  HHZ  BB 01    3    100     0.939 3.0 0.6 0.015   6.0 0.9961 1000000  0.01   0.0001
 1	 147  SANB  HLZ  BB 01   10    100     0.939 3.0 0.6 0.015   6.0 0.9961 1000000  0.01   0.0001
 1	 148  SBCB  HHZ  BS 01    5    100     0.939 3.0 0.6 0.015   9.0 0.9961 1000000  0.01   0.002
 1	 149   SCL  HLZ  ST 01   10    100     0.939 3.0 0.6 0.015   9.0 0.9961 1000000  0.05   0.04
 1	 150   SCL  HSZ  ST 01    3     50     0.939 3.0 0.7 0.015   6.5 0.9961 1000000  0.08   0.007
 0	 151   SCZ  HLZ  BB 01   10    100     0.939 3.0 0.6 0.015   6.0 0.9961 1000000  0.01   0.0001
 0	 152   SCZ  HLZ  ST 01    8    100     0.939 3.0 0.8 0.015   6.0 0.9961 1000000  0.01   0.0001
 1	 153   SCZ  HHZ  BB 01    3    100     0.939 3.0 0.6 0.015   8.0 0.9961 1000000  0.003  0.0001
 0	 154   SCZ  HLZ  BB 01   10    100     0.939 3.0 0.6 0.015   6.0 0.9961 1000000  0.01   0.0001
 1	 155   SCZ  HSZ  ST 01    3     40     0.939 3.0 0.6 0.015   8.0 0.9961 1000000  0.003  0.0002
 1	 156   SEB  HSZ  ST 01    3    100     0.939 3.0 0.8 0.015   8.0 0.9961 1000000  0.01   0.003
 1	 157   SEB  HLZ  ST 01    5    100     0.939 3.0 0.6 0.015   6.0 0.9961 1000000  0.01   0.003
 1	 158   SGL  HSZ  ST 01    3     80     0.939 3.0 0.8 0.010   9.0 0.9961 1000000  0.1    0.003
 0	 159   SGL  HLZ  ST 01    3    100     0.939 3.0 0.4 0.015   9.0 0.9961 1000000  0.03   0.008
 1	 160   SGS  HLZ  ST 01    3    100     0.939 3.0 0.6 0.015   6.0 0.9961 1000000  0.005  0.0006
 0	 161   SGS  HHZ  BB 01    3    100     0.939 3.0 0.6 0.015   6.0 0.9961 1000000  0.01   0.0001
 1	 162   SGS  HSZ  ST 01    3     60     0.939 3.0 0.6 0.020   8.0 0.9961 1000000  0.01   0.0004
 1	 163  SLBB  HLZ  BB 01   10    100     0.939 3.0 0.6 0.015   8.0 0.9961 1000000  0.01   0.0001
 0	 164  SLBB  HHZ  BB 01    3    100     0.939 3.0 0.6 0.015   7.0 0.9961 1000000  0.01   0.0001
 0	 165   SLG  HLZ  BH 01    8    100     0.939 3.0 0.8 0.015   7.0 0.9961 1000000  0.02   0.00001
 0	 166   SLG  HLZ  BH 02    5    100     0.939 3.0 0.6 0.015   6.0 0.9961 1000000  0.01   0.0001
 0	 167   SLG  HHZ  BH 02    3     40     0.839 3.0 0.8 0.020   7.5 0.9961 1000000  0.01   0.0004
 1	 168   SML  HSZ  ST 01    3     70     0.839 3.0 0.8 0.015   8.0 0.9961 1000000  0.02   0.003
 1	 169   SML  HLZ  ST 01    3     50     0.939 3.0 0.8 0.015   7.0 0.9961 1000000  0.02   0.001
 1	 170   SNJ  HHZ  BH 02    2     70     0.839 3.0 0.8 0.010   6.5 0.9961 1000000  0.01   0.0001
 0	 171   SNJ  HLZ  BH 02    3     70     0.939 3.0 0.6 0.015   8.0 0.9961 1000000  0.05   0.003
 0	 172   SNJ  HLZ  BH 01   10    100     0.939 3.0 0.6 0.015   6.0 0.9961 1000000  0.3    0.03
 0	 173   SNS  HLZ  BH 02    5    100     0.939 3.0 0.6 0.015   6.0 0.9961 1000000  0.01   0.0001
 0	 174   SNS  HHZ  BH 02    5    100     0.939 3.0 0.6 0.015   6.0 0.9961 1000000  0.01   0.0001
 0	 175   SNS  HLZ  BH 01    3    100     0.939 3.0 0.6 0.015   5.0 0.9961 1000000  0.01   0.0001
 1	 176   SSD  HSZ  ST 01    3    50      0.939 3.0 0.4 0.020   9.0 0.9961 1000000  0.02   0.001
 1	 177   SSD  HLZ  ST 01    5    50      0.939 3.0 0.4 0.015   9.0 0.9961 1000000  0.05   0.001
 1	 178  SSLB  HHZ  BS 01    3    100     0.939 3.0 0.8 0.010   9.0 0.9961 1000000  0.01   0.0002
 0	 179   SSP  HLZ  BH 02    5    80      0.939 3.0 0.6 0.015   8.0 0.9961 1000000  0.1    0.007
 0	 180   SSP  HLZ  BH 01   10    100     0.939 3.0 0.6 0.015   6.0 0.9961 1000000  0.01   0.0001
 1	 181   SSP  HHZ  BH 02    3    100     0.939 3.0 0.6 0.015   6.0 0.9961 1000000  0.01   0.0001
 1	 182   STY  HLZ  ST 01    5     50     0.939 3.0 0.4 0.015   7.5 0.9961 1000000  0.01   0.004
 1	 183   STY  HSZ  ST 01    3     60     0.939 3.0 0.8 0.020   9.5 0.9961 1000000  0.01   0.0005
 1	 184  TAI1  HHZ  BB 01    3     50     0.939 3.0 0.6 0.015   7.0 0.9961 1000000  0.01   0.004
 0	 185  TAI1  HLZ  ST 01    3     50     0.939 3.0 0.6 0.015   7.0 0.9961 1000000  0.05   0.01
 1	 186  TAI1  HHZ  BB 02    3    100     0.939 3.0 0.6 0.015   8.0 0.9961 1000000  0.002  0.0001
 0	 187  TAI1  HLZ  BB 02   10    100     0.939 3.0 0.6 0.015   6.0 0.9961 1000000  0.01   0.0001
 0	 188   TAP  HLZ  ST 01   10    100     0.939 3.0 0.6 0.015   7.0 0.9961 1000000  0.01   0.0001
 0	 189   TAP  HHZ  BB 01    3     50     0.939 3.0 0.8 0.005   7.0 0.9961 1000000  0.01   0.003
 1	 190   TAP  HSZ  ST 01    3    100     0.939 3.0 0.6 0.015   8.0 0.9961 1000000  0.02   0.004
 0	 191  TAP1  HSZ  ST 02    3    100     0.939 3.0 0.4 0.015   7.0 0.9961 1000000  0.01   0.001
 1	 192   TAW  HLZ  ST 01    5    100     0.939 3.0 0.4 0.015   9.0 0.9961 1000000  0.2    0.03
 1	 193   TAW  HSZ  ST 01    3     40     0.939 3.0 0.6 0.015   8.5 0.9961 1000000  0.1    0.005
 1	 194   TCU  HLZ  ST 01    5     50     0.939 3.0 0.6 0.010   8.5 0.9961 1000000  0.2    0.01
 1	 195   TCU  HSZ  ST 02    2     60     0.939 3.0 0.6 0.015   6.0 0.9961 1000000  0.01   0.0001
 1	 196  TDCB  HHZ  BS 01    3     60     0.939 3.0 0.6 0.010   7.5 0.9961 1000000  0.01   0.0001
 1	 197  TIPB  HHZ  BB 01    3     60     0.839 3.0 0.8 0.005   8.5 0.9961 1000000  0.01   0.0001
 1	 198  TIPB  HLZ  BB 01    5     60     0.939 3.0 0.8 0.010   7.0 0.9961 1000000  0.1    0.0001
 1	 199  TPUB  HHZ  BS 01    3     80     0.939 3.0 0.8 0.015   8.5 0.9961 1000000  0.01   0.001
 0	 200   TTN  HSZ  ST 01    3    100     0.939 3.0 0.6 0.015   6.0 0.9961 1000000  0.01   0.002
 0	 201   TTN  HLZ  ST 01   10    100     0.939 3.0 0.6 0.015   8.0 0.9961 1000000  0.1    0.007
 1	 202   TTN  HLZ  BH 02    3     80     0.839 3.0 0.6 0.010   7.0 0.9961 1000000  0.01   0.0001
 0	 203   TTN  HHZ  BH 02    3    100     0.939 3.0 0.8 0.010   8.0 0.9961 1000000  0.01   0.0001
 1	 204   TWA  HSZ  ST 01    3    100     0.939 3.0 0.8 0.015   7.0 0.9961 1000000  0.01   0.0008
 1	 205   TWA  HLZ  ST 01    5    100     0.939 3.0 0.8 0.015   8.0 0.9961 1000000  0.06   0.002
 1	 206  TWB1  HLZ  ST 01    3     80     0.939 3.0 0.6 0.010   7.0 0.9961 1000000  0.02   0.002
 1	 207  TWB1  HSZ  ST 01    3     40     0.939 3.0 0.6 0.015   8.0 0.9961 1000000  0.02   0.004
 1	 208  TWB1  HHZ  BB 01    3    100     0.939 3.0 0.8 0.010   6.0 0.9961 1000000  0.01   0.004
 1	 209   TWC  HSZ  ST 01    3     60     0.939 3.0 0.8 0.015   7.5 0.9961 1000000  0.02   0.0003
 1	 210   TWC  HLZ  ST 01    3     80     0.839 3.0 0.8 0.010   7.5 0.9961 1000000  0.05   0.003
 1	 211   TWD  HLZ  ST 01    3     50     0.939 3.0 0.8 0.015   7.0 0.9961 1000000  0.08   0.003
 1	 212   TWD  HSZ  ST 01    3     80     0.839 3.0 0.6 0.020   6.5 0.9961 1000000  0.01   0.008
 1	 213   TWE  HSZ  ST 01    2    100     0.939 3.0 0.6 0.015   7.0 0.9961 1000000  0.01   0.002
 1	 214   TWE  HLZ  ST 01    3     50     0.939 3.0 0.8 0.010   7.0 0.9961 1000000  0.05   0.01
 1	 215  TWF1  HSZ  ST 01    3    100     0.939 3.0 0.6 0.015   7.0 0.9961 1000000  0.01   0.0002
 0	 216  TWF1  HLZ  ST 01    5    100     0.939 3.0 0.6 0.015   6.0 0.9961 1000000  0.01   0.0002
 1	 217   TWG  HLZ  ST 01    3    100     0.839 3.0 0.6 0.010   8.0 0.9961 1000000  0.04   0.0005
 1	 218   TWG  HSZ  ST 01    3    100     0.939 3.0 0.6 0.020   8.0 0.9961 1000000  0.005  0.0003
 1	 219  TWGB  HHZ  BS 01    3    100     0.939 3.0 0.6 0.020   8.0 0.9961 1000000  0.01   0.0005
 1	 220   TWH  HHZ  BB 01    3    100     0.939 3.0 0.6 0.015   8.0 0.9961 1000000  0.001  0.00001
 1	 221   TWH  HLZ  BB 01    5    100     0.939 3.0 0.6 0.015   6.0 0.9961 1000000  0.01   0.0001
 1	 222  TWK1  HLZ  ST 01    5    100     0.839 3.0 0.6 0.015   8.0 0.9961 1000000  0.02   0.006
 1	 223  TWK1  HSZ  ST 01    4    100     0.939 3.0 0.6 0.015   9.0 0.9961 1000000  0.02   0.00055
 1	 224  TWKB  HHZ  BS 01    3    100     0.739 3.0 0.8 0.010   9.0 0.9961 1000000  0.02   0.001
 0	 225   TWL  HLZ  ST 01    6    100     0.939 3.0 0.6 0.015   6.0 0.9961 1000000  0.01   0.0001
 1	 226   TWL  HSZ  ST 01    3     80     0.939 3.0 0.8 0.010   8.0 0.9961 1000000  0.004  0.0002
 1	 227  TWM1  HSZ  ST 01    3    100     0.939 3.0 0.7 0.010   7.0 0.9961 1000000  0.01   0.0002
 0	 228  TWM1  HHZ  BB 01    3    100     0.939 3.0 0.6 0.015   6.0 0.9961 1000000  0.01   0.0001
 1	 229  TWM1  HLZ  ST 01    4    100     0.939 3.0 0.6 0.015   8.0 0.9961 1000000  0.01   0.0015
 1	 230  TWQ1  HLZ  ST 01    3     60     0.839 3.0 0.8 0.010   8.0 0.9961 1000000  0.007  0.01
 1	 231  TWQ1  HSZ  ST 01    3    100     0.939 3.0 0.6 0.015   8.0 0.9961 1000000  0.007  0.0004
 0	 232  TWS1  HSZ  ST 01    2    100     0.939 3.0 0.6 0.015   2.0 0.9961 1000000  0.05   0.002
 1	 233  TWS1  HLZ  ST 01    3     40     0.939 3.0 0.8 0.015   8.5 0.9961 1000000  0.1    0.001
 1	 234   TWT  HSZ  ST 01    3     70     0.839 3.0 0.6 0.015   7.0 0.9961 1000000  0.05   0.008
 1	 235   TWT  HLZ  ST 01    3     60     0.939 3.0 0.8 0.015   8.5 0.9961 1000000  0.2    0.25
 1	 236   TWY  HLZ  ST 01    5     50     0.939 3.0 0.4 0.020   9.5 0.9961 1000000  0.3    0.02
 0	 237   TWY  HSZ  ST 01    5     50     0.939 3.0 0.6 0.020   9.0 0.9961 1000000  0.02   0.001
 0	 238   TYC  HLZ  ST 01    3    100     0.939 3.0 0.8 0.005   6.0 0.9961 1000000  0.01   0.0007
 1	 239   TYC  HSZ  ST 01    3     50     0.939 3.0 0.6 0.015   7.0 0.9961 1000000  0.005  0.0002
 1	 240  VCHM  HHZ  BS 01    3     50     0.939 3.0 0.6 0.015   7.0 0.9961 1000000  0.01   0.0006
 0	 241  VDOS  HHZ  BS 01    5    100     0.939 3.0 0.6 0.015   6.0 0.9961 1000000  0.01   0.0001
 0	 242  VNAS  HHZ  BS 01    5    100     0.939 3.0 0.6 0.015   6.0 0.9961 1000000  0.01   0.0001
 1	 243  VWDT  HHZ  BS 01    3    100     0.939 3.0 0.6 0.015   8.0 0.9961 1000000  0.01   0.0001
 1	 244  VWUC  HHZ  BS 01    2    100     0.939 3.0 0.6 0.015   5.0 0.9961 1000000  0.01   0.0002
 0	 245  WCHH  HLZ  BH 01   10    100     0.939 3.0 0.6 0.015   8.0 0.9961 1000000  0.01   0.003
 0	 246  WCHH  HLZ  BH 02    5    100     0.939 3.0 0.6 0.015   6.0 0.9961 1000000  0.01   0.0001
 0	 247  WCHH  HHZ  BH 02    3     60     0.839 3.0 0.8 0.015   7.0 0.9961 1000000  0.01   0.0001
 1	 248   WDG  HSZ  ST 01    3     30     0.939 3.0 0.6 0.015   9.0 0.9961 1000000  0.01   0.02
 1	 249   WDG  HLZ  ST 01    5     30     0.939 3.0 0.6 0.015   7.0 0.9961 1000000  0.06   0.02
 0	 250   WDJ  HHZ  BH 02    3    100     0.939 3.0 0.6 0.015   6.0 0.9961 1000000  0.01   0.0001
 0	 251   WDJ  HLZ  BH 02    3    100     0.839 3.0 0.8 0.010   6.0 0.9961 1000000  0.01   0.0001
 1	 252   WDJ  HLZ  BH 01    5    100     0.939 3.0 0.4 0.020   8.0 0.9961 1000000  0.01   0.004
 1	 253  WDLH  HHZ  BH 02    3     50     0.869 3.0 0.8 0.010   7.5 0.9961 1000000  0.01   0.002
 1	 254  WDLH  HLZ  BH 02    3    100     0.939 3.0 0.6 0.015   8.0 0.9961 1000000  0.01   0.0001
 0	 255  WDLH  HLZ  BH 01   10    100     0.939 3.0 0.6 0.015   8.0 0.9961 1000000  0.01   0.0001
 1	 256  WFSB  HHZ  BS 01    2     60     0.939 3.0 0.6 0.015   7.0 0.9961 1000000  0.01   0.001
 0	 257   WGK  HLZ  ST 01   10    100     0.939 3.0 0.6 0.015   8.0 0.9961 1000000  0.01   0.003
 1	 258   WGK  HSZ  ST 01    3     50     0.939 3.0 0.4 0.020   9.0 0.9961 1000000  0.1    0.003
 1	 259   WGK  HHZ  BB 01    3    100     0.939 3.0 0.6 0.015   7.0 0.9961 1000000  0.05   0.002
 1	 260   WHF  HLZ  ST 01    3     50     0.939 3.0 0.6 0.015   7.5 0.9961 1000000  0.05   0.002
 1	 261   WHF  HSZ  ST 01    3     50     0.939 3.0 0.6 0.015   7.0 0.9961 1000000  0.02   0.004
 1	 262   WHP  HHZ  BH 02    2    100     0.939 3.0 0.6 0.015   6.0 0.9961 1000000  0.009  0.0005
 0	 263   WHP  HLZ  BH 01   10    100     0.939 3.0 0.6 0.015   6.0 0.9961 1000000  0.01   0.0001
 0	 264   WHP  HLZ  BH 02    2    100     0.939 3.0 0.6 0.015   6.0 0.9961 1000000  0.01   0.0001
 1	 265   WHY  HHZ  BH 02    3     50     0.939 3.0 0.6 0.010   7.0 0.9961 1000000  0.01   0.0002
 1	 266   WHY  HLZ  BH 01    3     40     0.939 3.0 0.8 0.010   8.0 0.9961 1000000  0.02   0.007
 0	 267   WHY  HLZ  BH 02    5    100     0.939 3.0 0.6 0.015   6.0 0.9961 1000000  0.01   0.0001
 1	 268   WJS  HHZ  BH 02    2     80     0.839 3.0 0.6 0.010   7.0 0.9961 1000000  0.008  0.0001
 0	 269   WJS  HLZ  BH 02    5    100     0.939 3.0 0.8 0.005   5.0 0.9961 1000000  0.01   0.001
 0	 270   WJS  HLZ  BH 01    3    100     0.939 3.0 0.6 0.020   8.0 0.9961 1000000  0.055  0.0001
 1	 271   WLC  HSZ  ST 01    2    100     0.939 3.0 0.6 0.015   7.0 0.9961 1000000  0.02   0.005
 1	 272   WLC  HHZ  BB 01    3    100     0.939 3.0 0.6 0.015   6.0 0.9961 1000000  0.01   0.004
 0	 273   WLC  HLZ  ST 01   10    100     0.939 3.0 0.6 0.015   6.0 0.9961 1000000  0.01   0.0001
 0	 274  WLCH  HLZ  BH 02    5    100     0.939 3.0 0.6 0.015   5.0 0.9961 1000000  0.01   0.002
 1	 275  WLCH  HLZ  BH 01    3    100     0.939 3.0 0.6 0.015   7.0 0.9961 1000000  0.05   0.001
 0	 276  WLCH  HHZ  BH 02    3    100     0.939 3.0 0.6 0.015   7.0 0.9961 1000000  0.01   0.0001
 1	 277  WLGB  HHZ  BB 01    3     80     0.939 3.0 0.6 0.015   8.0 0.9961 1000000  0.2    0.004
 1	 278  WLTB  HHZ  BB 01    3     50     0.739 3.0 0.8 0.020   8.0 0.9961 1000000  0.01   0.002
 1	 279  WLTB  HLZ  BB 01   10    100     0.939 3.0 0.6 0.015   6.0 0.9961 1000000  0.01   0.0001
 1	 280   WML  HLZ  ST 01    5     50     0.939 3.0 0.6 0.015   7.0 0.9961 1000000  0.01   0.04
 0	 281   WNT  HLZ  ST 01    5    100     0.939 3.0 0.6 0.015   8.0 0.9961 1000000  0.08   0.008
 1	 282   WNT  HSZ  ST 01    3    100     0.939 3.0 0.6 0.015   7.0 0.9961 1000000  0.06   0.005
 1	 283   WSF  HSZ  ST 01    3    100     0.939 3.0 0.6 0.015   9.0 0.9961 1000000  0.05   0.007
 0	 284   WSF  HLZ  ST 01   10    100     0.939 3.0 0.6 0.015   9.0 0.9961 1000000  0.2    0.01
 1	 285  WSSB  HHZ  BB 01    3    100     0.939 3.0 0.6 0.015   6.0 0.9961 1000000  0.01   0.002
 0	 286   WTC  HSZ  ST 01   30    100     0.939 3.0 0.6 0.015   9.0 0.9961 1000000  0.01   0.002
 0	 287   WTC  HLZ  ST 01    3    100     0.939 3.0 0.6 0.015   6.0 0.9961 1000000  0.6    0.009
 1	 288   WTP  HSZ  ST 01    3     50     0.939 3.0 0.6 0.015   7.0 0.9961 1000000  0.02   0.002
 1	 289   WTP  HLZ  ST 01    3     50     0.739 3.0 0.8 0.015   8.0 0.9961 1000000  0.065  0.002
 1	 290  YHNB  HHZ  BS 01    3     50     0.939 3.0 0.6 0.015   6.0 0.9961 1000000  0.03   0.001
 1	 291  YM01  HHZ  YS 01    3     50     0.839 3.0 0.6 0.015   9.0 0.9961 1000000  0.05   0.004
 1	 292  YM03  HHZ  YS 01    4    100     0.939 3.0 0.6 0.015   6.0 0.9961 1000000  0.01   0.001
 1	 293  YD04  HHZ  YS 02    3    100     0.939 3.0 0.6 0.015   6.0 0.9961 1000000  0.02   0.001
 1	 294  YD05  HHZ  YS 02    4     50     0.939 3.0 0.6 0.015   6.0 0.9961 1000000  0.02   0.0006
 0	 295  YM06  HHZ  YS 01    4    100     0.939 3.0 0.6 0.015   6.0 0.9961 1000000  0.01   0.001
 0	 296  YM07  HHZ  YS 01    4    100     0.939 3.0 0.6 0.015   6.0 0.9961 1000000  0.01   0.001
 1	 297  YM08  HHZ  YS 01    4    100     0.939 3.0 0.6 0.015   6.0 0.9961 1000000  0.02   0.0004
 0	 298  YM09  HHZ  YS 01    4    100     0.939 3.0 0.6 0.015   6.0 0.9961 1000000  0.01   0.001
 1	 299  YM10  HHZ  YS 01    4     30     0.939 3.0 0.6 0.010   7.5 0.9961 1000000  0.01   0.003
 1	 300  YM11  HHZ  YS 01    3     80     0.939 3.0 0.8 0.010   6.5 0.9961 1000000  0.01   0.005
 1	 301   YOJ  HHZ  JN 01    3     70     0.939 3.0 0.8 0.010   8.5 0.9961 1000000  0.002  0.0002
 1	 302  YULB  HHZ  BS 01    3     70     0.839 3.0 0.8 0.010   7.5 0.9961 1000000  0.05   0.001
 0	 303   YUS  HLZ  ST 01   30    100     0.939 3.0 0.6 0.015   9.0 0.9961 1000000  0.01   0.004
 0	 304   YUS  HSZ  ST 01    3    100     0.939 3.0 0.6 0.015   7.0 0.9961 1000000  0.01   0.0002
 1   305  TATO  HHZ  IU 02    3     80     0.739 3.0 0.8 0.010   8.0 0.9961 1000000  0.01   0.0003
 1   305  PTMZ  HHZ  FJ 01    3     70     0.939 3.0 0.6 0.015   6.5 0.9961 1000000  0.01   0.01
 1   305  PTTC  HSZ  FJ 01    3     50     0.939 3.0 0.6 0.015   9.0 0.9961 1000000  0.006  0.0001
 1	 304   SNW  HLZ  ST 01    5     50     0.939 3.0 0.6 0.005   6.0 0.9961 1000000  0.01   0.002
 1	 305  SLIU  HHZ  BH 02    3     60     0.839 3.0 0.6 0.015   7.0 0.9961 1000000  0.01   0.0001
 0	 306  SLIU  HLZ  BH 02    5    100     0.839 3.0 0.8 0.010   6.0 0.9961 1000000  0.01   0.0001
 0	 307  SLIU  HLZ  BH 01    5    100     0.939 3.0 0.6 0.015   6.0 0.9961 1000000  0.01   0.0001
 1	 308  SMG   HHZ  BH 02    3     70     0.939 3.0 0.6 0.015   8.5 0.9961 1000000  0.01   0.0002
 1	 309  SMG   HLZ  BH 02    5    100     0.939 3.0 0.8 0.015   7.5 0.9961 1000000  0.01   0.001
 0	 310  SMG   HLZ  BH 01    5    100     0.939 3.0 0.6 0.015   6.0 0.9961 1000000  0.01   0.001
 0	 311  FUSS  HHZ  BH 02    3    100     0.939 3.0 0.6 0.015   6.0 0.9961 1000000  0.005   0.0001
 1	 312  FUSS  HLZ  BH 02    5     60     0.739 3.0 0.8 0.010   8.0 0.9961 1000000  0.005   0.009
 0	 313  FUSS  HLZ  BH 01    5     60     0.939 3.0 0.6 0.020   7.0 0.9961 1000000  0.005   0.0005
 1	 314  LONT  HHZ  BH 02    3     50     0.939 3.0 0.6 0.020   7.0 0.9961 1000000  0.005   0.0001
 0	 315  LONT  HLZ  BH 02    5    100     0.939 3.0 0.8 0.010   6.0 0.9961 1000000  0.005   0.0001
 1	 316  LONT  HLZ  BH 01    3     70     0.939 3.0 0.8 0.010   7.0 0.9961 1000000  0.05    0.002
 1	 314  EDH   HHZ  BH 02    3    100     0.939 3.0 0.6 0.015   6.0 0.9961 1000000  0.005   0.0001
 1	 315  EDH   HLZ  BH 02    3     70     0.939 3.0 0.8 0.015   9.0 0.9961 1000000  0.01    0.0001
 1	 316  EDH   HLZ  BH 01    3     60     0.939 3.0 0.6 0.020   8.0 0.9961 1000000  0.2     0.0006
 0	 317  LDU   HHZ  BH 02    3    100     0.939 3.0 0.6 0.015   6.0 0.9961 1000000  0.005   0.0001
 1	 318  LDU   HLZ  BH 02    3     70     0.939 3.0 0.8 0.010   7.0 0.9961 1000000  0.03    0.001
 1	 319  LDU   HLZ  BH 01    5    100     0.939 3.0 0.4 0.015   8.0 0.9961 1000000  0.01    0.001
 1	 320  NOU   HLZ  ST 01    5     50     0.939 3.0 0.6 0.015   8.0 0.9961 1000000  0.1     0.004
 1	 321  NJD   HLZ  ST 01    3     50     0.939 3.0 0.5 0.015   8.5 0.9961 1000000  0.1     0.02
 0	 322  NTY   HLZ  ST 01    5     70     0.939 3.0 0.6 0.015   7.5 0.9961 1000000  0.4     0.01
 1	 323  BAC   HLZ  ST 01    5     60     0.939 3.0 0.6 0.015   8.5 0.9961 1000000  0.2     0.01
 1	 324  NJN   HLZ  ST 01    5     70     0.939 3.0 0.4 0.020   8.5 0.9961 1000000  0.01    0.06
 1	 325  HSN1  HLZ  ST 01    3     70     0.939 3.0 0.6 0.020   8.5 0.9961 1000000  0.01    0.02
 0	 326  EWT   HHZ  BH 02    3    100     0.939 3.0 0.6 0.015   6.0 0.9961 1000000  0.005   0.01
 1	 327  EWT   HLZ  BH 02    3    100     0.939 3.0 0.6 0.015   7.0 0.9961 1000000  0.07    0.001	
 1	 328  EWT   HLZ  BH 01    3    100     0.939 3.0 0.6 0.015   7.0 0.9961 1000000  0.1     0.001
 1	 329  ETM   HLZ  ST 01    3     70     0.939 3.0 0.6 0.015   8.5 0.9961 1000000  0.3     0.03
 1	 326  EYUL  HHZ  BH 02    2    100     0.939 3.0 0.6 0.015   7.0 0.9961 1000000  0.05    0.001
 1	 327  EYUL  HLZ  BH 02    3    70      0.939 3.0 0.6 0.015   7.0 0.9961 1000000  0.04    0.0006
 0	 328  EYUL  HLZ  BH 01    3    70      0.939 3.0 0.6 0.015   8.5 0.9961 1000000  0.005   0.01
 1	 329  ETL   HLZ  ST 01    3    100     0.939 3.0 0.6 0.015   6.5 0.9961 1000000  0.01    0.001
 1	 330  EYL   HLZ  ST 01    3    100     0.939 3.0 0.6 0.015   8.0 0.9961 1000000  0.05    0.002
 1	 331  EGC   HLZ  ST 01    3    100     0.939 3.0 0.6 0.015   8.5 0.9961 1000000  0.07    0.03
 1	 332  ECS   HLZ  ST 01    3    100     0.939 3.0 0.6 0.020   9.5 0.9961 1000000  0.08    0.005
 1	 333  ECB   HLZ  ST 01    3    100     0.939 3.0 0.4 0.020   9.5 0.9961 1000000  0.15    0.002 
 1	 334  NDS   HHZ  BH 02    3    70      0.939 3.0 0.6 0.015   8.5 0.9961 1000000  0.003   0.0002
 0	 335  NDS   HLZ  BH 02    3    70      0.939 3.0 0.6 0.015   6.0 0.9961 1000000  0.001   0.001
 0	 336  NDS   HLZ  BH 01    3    70      0.939 3.0 0.6 0.015   7.0 0.9961 1000000  0.005   0.001
 1	 337  WCS   HHZ  BH 02    3    70      0.939 3.0 0.6 0.015   8.5 0.9961 1000000  0.001   0.0002
 1	 338  WCS   HLZ  BH 02    3    70      0.939 3.0 0.8 0.015   6.0 0.9961 1000000  0.001   0.001
 0	 339  WCS   HLZ  BH 01    3    70      0.939 3.0 0.6 0.015   7.0 0.9961 1000000  0.001   0.001
 1	 340  SCS   HHZ  BH 02    3    70      0.939 3.0 0.6 0.015   8.5 0.9961 1000000  0.003   0.0002
 1	 341  SCS   HLZ  BH 02    3    70      0.939 3.0 0.6 0.015   6.0 0.9961 1000000  0.001   0.001
 0	 342  SCS   HLZ  BH 01    3    70      0.939 3.0 0.6 0.015   6.0 0.9961 1000000  0.001   0.001
 1	 343  NWF   HHZ  BH 02    3    70      0.939 3.0 0.8 0.015   8.5 0.9961 1000000  0.003   0.0002
 0	 344  NWF   HLZ  BH 02    3    70      0.939 3.0 0.6 0.015   6.0 0.9961 1000000  0.001   0.001
 0	 345  NWF   HLZ  BH 01    3    70      0.939 3.0 0.6 0.015   6.0 0.9961 1000000  0.001   0.001
 1	 343  WTK   HHZ  BH 02    3    70      0.939 3.0 0.6 0.015   8.5 0.9961 1000000  0.01    0.002
 1	 344  WTK   HLZ  BH 02    3    70      0.939 3.0 0.6 0.015   7.0 0.9961 1000000  0.001   0.004
 0	 345  WTK   HLZ  BH 01    3    70      0.939 3.0 0.6 0.020   8.0 0.9961 1000000  0.001   0.001
     