#
#
#  pick_ew.sta
# 
#  This is a sample station list for the pick_ew program.
#  If "Pick Flag" is 0, the channel will not be picked.
# 
#  The ClipCount field is used by eqcoda, ignored by pick_ew.
# 
#                              MinBigZC       RawDataFilt    LtaFilt         DeadSta          PreEvent               MaxCodaLen                                   Tau0Max 
# Pick  Pin    Station/   MinSmallZC   MaxMint           StaFilt       RmavFilt           AltCoda                                  Sensibility              Tau0Inc    		snrThreshold3s
# Flag  Numb   Chan/Net   Itr1   MinPeakSize  i9  CharFuncFilt  EventThresh          CodaTerm         Erefs  ClipCount     ProxiesFilt             Tau0Min 		PowDispFilt
# ----  ----   --------   --------------------------------------------------------------------------------------------  ---------------------------------------------	------------------------	
#
# ALERT-ES
#
# IM ###############
#
    0    26  PMOZ   HHZ PM 10  30 15  10  50 0 .509 .02 .2  .000055  10 .9960  7000  10  1  .8  50000.    2048       144   0.9953  9.23887970E+008    3      2     15      .9960  	9.
#
    1    25  PVAQ   HHZ PM 10  30 15  10  50 0 .509 .02 .2  .000055  10 .9960  7000  10  1  .8  50000.    2048       144   0.9953  9.23887970E+008    3      2     15      .9960  	9.
#
    1    24  PNCL   HHZ PM 15  30 15  50  50 0 .509 .02 .2  .000055  10 .9960  7000  10  1  .8  50000.    2048       144   0.9953  5.98442884E+008    3      2     15      .9960  	9.
#
    1    23  PMAFR  HHZ PM 10  30 15  50  50 0 .509 .02 .2  .000055  25 .9960  7000  20  1  .8  50000.    2048       144   0.9953  6.29145000E+008    3      2     15      .9960  	9.
#
    1    22  PFVI   HHZ PM 15  30 10  10  50 0 .509 .02 .2  .000055  30 .9960  7000  10  1  .8  50000.    2048       144   0.9953  4.62304584E+008    3      2     15      .9960  	9.
#  
    1    21  PESTR  HHZ PM  3  30 15  45  50 0 .509 .02 .2  .000055  30 .9960  7000   5  1  .8  50000.    2048       144   0.9953  9.29683332E+008    3      2     15      .9960  	9.
#
    1    20  PCVE   HHZ PM  3  30 12  45  50 0 .509 .02 .2  .000055  15 .9960  7000   5  1  .8  50000.    2048       144   0.9953  6.12843486E+008    3      2     15      .9960  	9.
#
    1    19  PBDV   HHZ PM  3  30 13  80  50 0 .509 .02 .2  .000055  45 .9960  7000   5  1  .8  50000.    2048       144   0.9953  6.10347760E+008    3      2     15      .9960  	9.
#
    1    18  PBAR   HHZ PM  3  30 22  30  50 0 .509 .02 .2  .000055  15 .9960  7000   5  1  .8  50000.    2048       144   0.9953  1.86808836E+009    3      2     15      .9960  	9.
#
# ROA/UCM #############
#
    1    17  SFS    HHZ WM  3  30 15 200 100 0 .509 .02 .2  .000055  40 .9960  7000 200  1  .8  50000.    2048       144   0.9953  1.52206349E+009    3      2     15      .9960  	9.
#
    1    16  PVLZ   HHZ WM  3  30 15 150  50 0 .509 .02 .2  .000055  25 .9960  7000  20  1  .8  50000.    2048       144   0.9953  5.96648888E+008    3      2     15      .9960  	9.   
#
    1    15  IFR    HHZ WM  3  30 15  10  50 0 .509 .02 .2  .000055  25 .9960  7000   8  1  .8  50000.    2048       144   0.9953  1.52206349E+009    3      2     15      .9960  	9.
#
    1    14  EVO    HHZ WM  3  50 10 150  50 0 .509 .02 .2  .000055  40 .9960  7000  20  1  .8  50000.    2048       144   0.9953  1.52206349E+009    3      2     15      .9960  	9.
#
    1    13  EMAL   HHZ WM  3  20 10 150  50 0 .509 .02 .2  .000055  40 .9960  7000  50  1  .8  50000.    2048       144   0.9953  1.52206349E+009    3      2     15      .9960  	9.
#
    1    12  CEU    HHZ WM  3  30 15  15 100 0 .509 .02 .2  .000055  30 .9960  7000  20  1  .8  50000.    2048       144   0.9953  6.44791757E+008    3      2     15      .9960  	9.
#
    1    11  AVE    HHZ WM  3  30 12 100  50 0 .509 .02 .2  .000055  30 .9960  7000  50  1  .8  50000.    2048       144   0.9953  2.55359636E+009    3      2     15      .9960  	9.
#
# IGN ###############
#
    1    10  ESPR   HHZ ES  3  30 15  20  50 0 .509 .02 .2  .000055  29 .9960  7000  15  1  .8  50000.    2048       144   0.9953  6.24968947E+008    3      2     15      .9960  	9.
#
    1     9  EMIN   HHZ ES 15  25 10  10  50 0 .509 .02 .2  .000055  20 .9960  7000   5  1  .8  50000.    2048       144   0.9953  6.28376996E+008    3      2     15      .9960  	9.
#
    1     8  EMIJ   HHZ ES 15  30 17  10 150 0 .509 .02 .2  .000055  25 .9960  7000   8  1  .8  50000.    2048       144   0.9953  6.04806825E+008    3      2     15      .9960  	9.
#
    1     7  EGRO   HHZ ES  3  70 30  55  50 0 .509 .02 .2  .000055  30 .9960  7000   7  1  .8  50000.    2048       144   0.9953  6.05206829E+008    3      2     15      .9960  	9.
#
    1     6  EGOR   HHZ ES 15  30 17  10  50 0 .509 .02 .2  .000055  20 .9960  7000   5  1  .8  50000.    2048       144   0.9953  5.96806735E+008    3      2     15      .9960  	9.
#
    1     5  ECEU   HHZ ES  3  30 15 100  50 0 .509 .02 .2  .000055  45 .9900  7000 100  1  .8  50000.    2048       144   0.9953  6.26322766E+008    3      2     15      .9960  	9.
#
    1     4  ECAB   HHZ ES  3  30 15  10  50 0 .509 .02 .2  .000055  20 .9960  7000   5  1  .8  50000.    2048       144   0.9953  5.94406708E+008    3      2     15      .9960  	9.
#
    1     3  EBAD   HHZ ES 10  30 15  25  50 0 .509 .02 .2  .000055  25 .9960  7000   7  1  .8  50000.    2048       144   0.9953  5.97606744E+008    3      2     15      .9960  	9.
#
    1     2  EADA   HHZ ES  3  30 10  10  50 0 .509 .02 .2  .000055  20 .9960  7000   5  1  .8  50000.    2048       144   0.9953  6.36285709E+008    3      2     15      .9960  	9.
#
    0     1  EFAM   HHZ ES  3  30 10  25  50 0 .509 .02 .2  .000055  50 .9960  7000   7  1  .8  50000.    2048       144   0.9953  6.28780000E+008    3      2     15      .9960  	9.
