#
#  This is the station list for the pick_ew program.
#  WARNING: Do not leave any blank lines in this file.
#
#
#                                MinBigZC       RawDataFilt    LtaFilt         DeadSta          PreEvent
# Pick  Pin     Sta/Comp    MinSmallZC   MaxMint           StaFilt       RmavFilt           AltCoda
# Flag  Numb    Net/Loc     Itr1   MinPeakSize  i9  CharFuncFilt  EventThresh          CodaTerm         Erefs  ClipCount
# ----  ----    --------    --------------------------------------------------------------------------------------------
# HRD/accel and HRD/L4 (SEED):
    1  2010  CCH1 HN1 NC 06  3  40  3  20  500  3  .985  3.  .6  .03  5.  .9961  1200.  16.71  .8  1.5  17000.  8388608
    1  2016  CGP1 HN1 NC 07  3  40  3  20  500  3  .985  3.  .6  .03  5.  .9961  1200.  16.71  .8  1.5  17000.  8388608
    1  2022  CMW1 HN1 NC 08  3  40  3  20  500  3  .985  3.  .6  .03  5.  .9961  1200.  16.71  .8  1.5  17000.  8388608
    1  2004  CSU1 HN1 NC 09  3  40  3  20  500  3  .985  3.  .6  .03  5.  .9961  1200.  16.71  .8  1.5  17000.  8388608
    1  2016  CYD1 HN1 NC 10  3  40  3  20  500  3  .985  3.  .6  .03  5.  .9961  1200.  16.71  .8  1.5  17000.  8388608
    1  2025  JSGB EHZ NC 11  3  40  3  20  500  3  .985  3.  .6  .03  5.  .9961  1200.  16.71  .8  1.5  17000.  8388608
    1  2037  NMH  EHZ NC 12  3  40  3  20  500  3  .985  3.  .6  .03  5.  .9961  1200.  16.71  .8  1.5  17000.  8388608
    1  2031  NSM  EHZ NC 13  3  40  3  20  500  3  .985  3.  .6  .03  5.  .9961  1200.  16.71  .8  1.5  17000.  8388608
# HRD/HS1 (MM):
    1  3061  MBS1 EP1 NC 14  3  40  3   8  500  3  .985  3.  .6  .03  5.  .9961  1200.   6.0   .8  1.5   6000.  8388608
    1  2501  MDP1 EP1 NC 15  3  40  3   8  500  3  .985  3.  .6  .03  5.  .9961  1200.   6.0   .8  1.5   6000.  8388608
    1  2507  MMX1 EP1 NC 16  3  40  3   8  500  3  .985  3.  .6  .03  5.  .9961  1200.   6.0   .8  1.5   6000.  8388608
    1  2524  MDH1 EP1 NC 17  3  40  3   8  500  3  .985  3.  .6  .03  5.  .9961  1200.   6.0   .8  1.5   6000.  8388608
    1  2525  MDH1 EP2 NC 18  3  40  3   8  500  3  .985  3.  .6  .03  5.  .9961  1200.   6.0   .8  1.5   6000.  8388608
    1  2526  MDH1 EP3 NC 19  3  40  3   8  500  3  .985  3.  .6  .03  5.  .9961  1200.   6.0   .8  1.5   6000.  8388608
# HRD/Guralp (broadband) @1.275uV/count:
    1  3018  KBO  HHZ NC 20  3  40  3 132  500  3  .939  3.  .4  .015 5.  .9961  1200. 108.1   .8  1.5 110000.  8388608
    1  2049  KCPB HHZ NC 21  3  40  3 132  500  3  .939  3.  .4  .015 5.  .9961  1200. 108.1   .8  1.5 110000.  8388608
    1  3018  KCT  HHZ NC 22  3  40  3 132  500  3  .939  3.  .4  .015 5.  .9961  1200. 108.1   .8  1.5 110000.  8388608
    1  3012  KEB  HHZ NC 23  3  40  3 132  500  3  .939  3.  .4  .015 5.  .9961  1200. 108.1   .8  1.5 110000.  8388608
    1  3059  KHBB HHZ NC 24  3  40  3 132  500  3  .939  3.  .4  .015 5.  .9961  1200. 108.1   .8  1.5 110000.  8388608
    1  2055  KHMB HHZ NC 25  3  40  3 132  500  3  .939  3.  .4  .015 5.  .9961  1200. 108.1   .8  1.5 110000.  8388608
    1  2043  KMPB HHZ NC 26  3  40  3 132  500  3  .939  3.  .4  .015 5.  .9961  1200. 108.1   .8  1.5 110000.  8388608
    1  3072  KMR  HHZ NC 27  3  40  3 132  500  3  .939  3.  .4  .015 5.  .9961  1200. 108.1   .8  1.5 110000.  8388608
    1  3006  KRMB HHZ NC 28  3  40  3 132  500  3  .939  3.  .4  .015 5.  .9961  1200. 108.1   .8  1.5 110000.  8388608
    1  2073  KRP  HHZ NC 29  3  40  3 132  500  3  .939  3.  .4  .015 5.  .9961  1200. 108.1   .8  1.5 110000.  8388608
    1  3000  KSXB HHZ NC 30  3  40  3 132  500  3  .939  3.  .4  .015 5.  .9961  1200. 108.1   .8  1.5 110000.  8388608
    1  3000  MCB  HHZ NC 31  3  40  3 132  500  3  .939  3.  .4  .015 5.  .9961  1200. 108.1   .8  1.5 110000.  8388608
    1  3000  MMLB HHZ NC 32  3  40  3 132  500  3  .939  3.  .4  .015 5.  .9961  1200. 108.1   .8  1.5 110000.  8388608
# HRD or Trident/remoteL4 with analog telemetry
# changed MinPeakSize to 30 (was 60) and MinCodaDur(i9) to 1 (was 3) for this group 2002/04/18:LDD
# With MinPeakSize=30 we're generating 4 times the picks as before. Try MinPeakSize=45 2002/04/19:LDD
    1  3018  GTC  SHZ NC 33  3  40  3  45  500  1  .985  3.  .6  .03  5.  .9961  1200.  49.14  .8  1.5  50000.  2048
    1  3018  KBN  SHZ NC 34  3  40  3  45  500  1  .985  3.  .6  .03  5.  .9961  1200.  49.14  .8  1.5  50000.  2048
    1  3018  KBS  SHZ NC 35  3  40  3  45  500  1  .985  3.  .6  .03  5.  .9961  1200.  49.14  .8  1.5  50000.  2048
    1  3018  KCR  SHZ NC 36  3  40  3  45  500  1  .985  3.  .6  .03  5.  .9961  1200.  49.14  .8  1.5  50000.  2048
    1  3018  KCS  SHZ NC 37  3  40  3  45  500  1  .985  3.  .6  .03  5.  .9961  1200.  49.14  .8  1.5  50000.  2048
    1  3018  KFP  SHZ NC 38  3  40  3  45  500  1  .985  3.  .6  .03  5.  .9961  1200.  49.14  .8  1.5  50000.  2048
    1  3018  KIP  SHZ NC 39  3  40  3  45  500  1  .985  3.  .6  .03  5.  .9961  1200.  49.14  .8  1.5  50000.  2048
    1  3018  KJJ  SHZ NC 40  3  40  3  45  500  1  .985  3.  .6  .03  5.  .9961  1200.  49.14  .8  1.5  50000.  2048
    1  3018  KKP  SHZ NC 41  3  40  3  45  500  1  .985  3.  .6  .03  5.  .9961  1200.  49.14  .8  1.5  50000.  2048
    1  3018  KOM  SHZ NC 42  3  40  3  45  500  1  .985  3.  .6  .03  5.  .9961  1200.  49.14  .8  1.5  50000.  2048
    1  3018  KPP  SHZ NC 43  3  40  3  45  500  1  .985  3.  .6  .03  5.  .9961  1200.  49.14  .8  1.5  50000.  2048
    1  3018  KRK  SHZ NC 44  3  40  3  45  500  1  .985  3.  .6  .03  5.  .9961  1200.  49.14  .8  1.5  50000.  2048
    1  3018  KSM  SHZ NC 45  3  40  3  45  500  1  .985  3.  .6  .03  5.  .9961  1200.  49.14  .8  1.5  50000.  2048
    1  3018  KTR  SHZ NC 46  3  40  3  45  500  1  .985  3.  .6  .03  5.  .9961  1200.  49.14  .8  1.5  50000.  2048
    1  3018  LAC  SHZ NC 47  3  40  3  45  500  1  .985  3.  .6  .03  5.  .9961  1200.  49.14  .8  1.5  50000.  2048
    1  3018  LAM  SHZ NC 48  3  40  3  45  500  1  .985  3.  .6  .03  5.  .9961  1200.  49.14  .8  1.5  50000.  2048
    1  3018  LAS  SHZ NC 49  3  40  3  45  500  1  .985  3.  .6  .03  5.  .9961  1200.  49.14  .8  1.5  50000.  2048
    1  3018  LBC  SHZ NC 50  3  40  3  45  500  1  .985  3.  .6  .03  5.  .9961  1200.  49.14  .8  1.5  50000.  2048
    1  3018  LBF  SHZ NC 51  3  40  3  45  500  1  .985  3.  .6  .03  5.  .9961  1200.  49.14  .8  1.5  50000.  2048
    1  3018  LBK  SHZ NC 52  3  40  3  45  500  1  .985  3.  .6  .03  5.  .9961  1200.  49.14  .8  1.5  50000.  2048
    1  3018  LBP  SHZ NC 53  3  40  3  45  500  1  .985  3.  .6  .03  5.  .9961  1200.  49.14  .8  1.5  50000.  2048
    1  3018  LCM  SHZ NC 54  3  40  3  45  500  1  .985  3.  .6  .03  5.  .9961  1200.  49.14  .8  1.5  50000.  2048
    1  3018  LCSB SHZ NC 55  3  40  3  45  500  1  .985  3.  .6  .03  5.  .9961  1200.  49.14  .8  1.5  50000.  2048
    1  3018  LDB  SHZ NC 56  3  40  3  45  500  1  .985  3.  .6  .03  5.  .9961  1200.  49.14  .8  1.5  50000.  2048
    1  3018  LEL  SHZ NC 57  3  40  3  45  500  1  .985  3.  .6  .03  5.  .9961  1200.  49.14  .8  1.5  50000.  2048
    1  3018  LGB  SHZ NC 58  3  40  3  45  500  1  .985  3.  .6  .03  5.  .9961  1200.  49.14  .8  1.5  50000.  2048
    1  3018  LGM  SHZ NC 59  3  40  3  45  500  1  .985  3.  .6  .03  5.  .9961  1200.  49.14  .8  1.5  50000.  2048
    1  3018  LGP  SHZ NC 60  3  40  3  45  500  1  .985  3.  .6  .03  5.  .9961  1200.  49.14  .8  1.5  50000.  2048
    1  3018  LHE  SHZ NC 61  3  40  3  45  500  1  .985  3.  .6  .03  5.  .9961  1200.  49.14  .8  1.5  50000.  2048
    1  3018  LME  SHZ NC 62  3  40  3  45  500  1  .985  3.  .6  .03  5.  .9961  1200.  49.14  .8  1.5  50000.  2048
    1  3018  LMH  SHZ NC 63  3  40  3  45  500  1  .985  3.  .6  .03  5.  .9961  1200.  49.14  .8  1.5  50000.  2048
    1  3018  LMP  SHZ NC 64  3  40  3  45  500  1  .985  3.  .6  .03  5.  .9961  1200.  49.14  .8  1.5  50000.  2048
    1  3018  LPG  SHZ NC 65  3  40  3  45  500  1  .985  3.  .6  .03  5.  .9961  1200.  49.14  .8  1.5  50000.  2048
    1  3018  LPK  SHZ NC 66  3  40  3  45  500  1  .985  3.  .6  .03  5.  .9961  1200.  49.14  .8  1.5  50000.  2048
    1  3018  LRB  SHZ NC 67  3  40  3  45  500  1  .985  3.  .6  .03  5.  .9961  1200.  49.14  .8  1.5  50000.  2048
    1  3018  LRD  SHZ NC 68  3  40  3  45  500  1  .985  3.  .6  .03  5.  .9961  1200.  49.14  .8  1.5  50000.  2048
    1  3018  LRR  SHZ NC 69  3  40  3  45  500  1  .985  3.  .6  .03  5.  .9961  1200.  49.14  .8  1.5  50000.  2048
    1  3018  LSF  SHZ NC 70  3  40  3  45  500  1  .985  3.  .6  .03  5.  .9961  1200.  49.14  .8  1.5  50000.  2048
    1  3018  LSF  SLZ NC 71  3  40  3  45  500  1  .985  3.  .6  .03  5.  .9961  1200.  49.14  .8  1.5  50000.  2048
    1  3018  LSH  SHZ NC 72  3  40  3  45  500  1  .985  3.  .6  .03  5.  .9961  1200.  49.14  .8  1.5  50000.  2048
    1  3018  LSI  SHZ NC 73  3  40  3  45  500  1  .985  3.  .6  .03  5.  .9961  1200.  49.14  .8  1.5  50000.  2048
    1  3018  LSR  SHZ NC 74  3  40  3  45  500  1  .985  3.  .6  .03  5.  .9961  1200.  49.14  .8  1.5  50000.  2048
    1  3018  LTC  SHZ NC 75  3  40  3  45  500  1  .985  3.  .6  .03  5.  .9961  1200.  49.14  .8  1.5  50000.  2048
    1  3018  LTI  SHZ NC 76  3  40  3  45  500  1  .985  3.  .6  .03  5.  .9961  1200.  49.14  .8  1.5  50000.  2048
    1  3018  LVR  SHZ NC 77  3  40  3  45  500  1  .985  3.  .6  .03  5.  .9961  1200.  49.14  .8  1.5  50000.  2048
    1  3018  LWH  SHZ NC 78  3  40  3  45  500  1  .985  3.  .6  .03  5.  .9961  1200.  49.14  .8  1.5  50000.  2048
# Black Mtn: Leave these Trident/remoteL4s with the original analog MinPeakSize and MinCodaDur parameters:
    1  3018  PABB SHZ NC 79  3  40  3  60  500  3  .985  3.  .6  .03  5.  .9961  1200.  49.14  .8  1.5  50000.  2048
    1  3018  PADB SHZ NC 80  3  40  3  60  500  3  .985  3.  .6  .03  5.  .9961  1200.  49.14  .8  1.5  50000.  2048
    1  3018  PBI  SHZ NC 81  3  40  3  60  500  3  .985  3.  .6  .03  5.  .9961  1200.  49.14  .8  1.5  50000.  2048
    1  3018  PBM  SHZ NC 82  3  40  3  60  500  3  .985  3.  .6  .03  5.  .9961  1200.  49.14  .8  1.5  50000.  2048
    1  3018  PBP  SHZ NC 83  3  40  3  60  500  3  .985  3.  .6  .03  5.  .9961  1200.  49.14  .8  1.5  50000.  2048
    1  3018  PCB  SHZ NC 84  3  40  3  60  500  3  .985  3.  .6  .03  5.  .9961  1200.  49.14  .8  1.5  50000.  2048
    1  3018  PHC  SHZ NC 85  3  40  3  60  500  3  .985  3.  .6  .03  5.  .9961  1200.  49.14  .8  1.5  50000.  2048
    1  3018  PIR  SHZ NC 86  3  40  3  60  500  3  .985  3.  .6  .03  5.  .9961  1200.  49.14  .8  1.5  50000.  2048
    1  3018  PKY  SHZ NC 87  3  40  3  60  500  3  .985  3.  .6  .03  5.  .9961  1200.  49.14  .8  1.5  50000.  2048
    1  3018  PMC  SHZ NC 88  3  40  3  60  500  3  .985  3.  .6  .03  5.  .9961  1200.  49.14  .8  1.5  50000.  2048
    1  3018  PMC  SLZ NC 89  3  40  3  60  500  3  .985  3.  .6  .03  5.  .9961  1200.  49.14  .8  1.5  50000.  2048
    1  3018  PML  SHZ NC 90  3  40  3  60  500  3  .985  3.  .6  .03  5.  .9961  1200.  49.14  .8  1.5  50000.  2048
    1  3018  PPB  SHZ NC 91  3  40  3  60  500  3  .985  3.  .6  .03  5.  .9961  1200.  49.14  .8  1.5  50000.  2048
    1  3018  PPB  SLZ NC 92  3  40  3  60  500  3  .985  3.  .6  .03  5.  .9961  1200.  49.14  .8  1.5  50000.  2048
    1  3018  PSC  SHZ NC 93  3  40  3  60  500  3  .985  3.  .6  .03  5.  .9961  1200.  49.14  .8  1.5  50000.  2048
    1  3018  PTA  SHZ NC 94  3  40  3  60  500  3  .985  3.  .6  .03  5.  .9961  1200.  49.14  .8  1.5  50000.  2048
    1  3018  PTQ  SHZ NC 95  3  40  3  60  500  3  .985  3.  .6  .03  5.  .9961  1200.  49.14  .8  1.5  50000.  2048
    1  3018  PTR  SHZ NC 96  3  40  3  60  500  3  .985  3.  .6  .03  5.  .9961  1200.  49.14  .8  1.5  50000.  2048
# Williams Hill: Leave these Trident/remoteL4s with the original analog MinPeakSize and MinCodaDur parameters:
    1  3018  BAP  SHZ NC 97  3  40  3  60  500  3  .985  3.  .6  .03  5.  .9961  1200.  49.14  .8  1.5  50000.  2048
    1  3018  BPO  SHZ NC 98  3  40  3  60  500  3  .985  3.  .6  .03  5.  .9961  1200.  49.14  .8  1.5  50000.  2048
    1  3018  BPO  SLZ NC 99  3  40  3  60  500  3  .985  3.  .6  .03  5.  .9961  1200.  49.14  .8  1.5  50000.  2048
    1  3018  PAN  SHZ NC 00  3  40  3  60  500  3  .985  3.  .6  .03  5.  .9961  1200.  49.14  .8  1.5  50000.  2048
    1  3018  PAP  SHZ NC 01  3  40  3  60  500  3  .985  3.  .6  .03  5.  .9961  1200.  49.14  .8  1.5  50000.  2048
    1  3018  PBW  SHZ NC 02  3  40  3  60  500  3  .985  3.  .6  .03  5.  .9961  1200.  49.14  .8  1.5  50000.  2048
    1  3018  PCC  SHZ NC 03  3  40  3  60  500  3  .985  3.  .6  .03  5.  .9961  1200.  49.14  .8  1.5  50000.  2048
    1  3018  PCC  SLZ NC 04  3  40  3  60  500  3  .985  3.  .6  .03  5.  .9961  1200.  49.14  .8  1.5  50000.  2048
    1  3018  PHP  SHZ NC 05  3  40  3  60  500  3  .985  3.  .6  .03  5.  .9961  1200.  49.14  .8  1.5  50000.  2048
    1  3018  PHR  SHZ NC 06  3  40  3  60  500  3  .985  3.  .6  .03  5.  .9961  1200.  49.14  .8  1.5  50000.  2048
    1  3018  PHS  SHZ NC 07  3  40  3  60  500  3  .985  3.  .6  .03  5.  .9961  1200.  49.14  .8  1.5  50000.  2048
    1  3018  PLO  SHZ NC 08  3  40  3  60  500  3  .985  3.  .6  .03  5.  .9961  1200.  49.14  .8  1.5  50000.  2048
    1  3018  PMP  SHZ NC 09  3  40  3  60  500  3  .985  3.  .6  .03  5.  .9961  1200.  49.14  .8  1.5  50000.  2048
    1  3018  PPO  SHZ NC 10  3  40  3  60  500  3  .985  3.  .6  .03  5.  .9961  1200.  49.14  .8  1.5  50000.  2048
    1  3018  PPT  SHZ NC 11  3  40  3  60  500  3  .985  3.  .6  .03  5.  .9961  1200.  49.14  .8  1.5  50000.  2048
    1  3018  PSA  SHZ NC 12  3  40  3  60  500  3  .985  3.  .6  .03  5.  .9961  1200.  49.14  .8  1.5  50000.  2048
    1  3018  PSM  SHZ NC 13  3  40  3  60  500  3  .985  3.  .6  .03  5.  .9961  1200.  49.14  .8  1.5  50000.  2048
