 AARM  39.27600 -121.02500 0.930
 AASM  38.43000 -121.10800 0.065
 ABJM  39.16500 -121.19100 0.457
 ABLC  34.85083 -119.22083 1.981
 ABRM  39.13500 -121.48700 0.024
 ADLC  34.55600 -117.41700 0.900
 ADWM  38.43900 -120.84800 0.251
 AFDM  38.94800 -120.97200 0.549
 AFHM  39.04183 -120.79134 1.064
 AFOM  38.94483 -120.96833 0.524
 AFRM  38.79200 -121.34900 0.031
 AGIM  38.84467 -120.98133 0.305
 AHDM  39.04833 -121.07650 0.483
 AHRM  38.85400 -121.07100 0.354
 ALAM  38.56667 -120.95617 0.293
 ALNM  38.92967 -121.28783 0.054
 AMSC  33.14100 -115.25400 0.140
 AODM  38.61483 -120.72850 0.520
 AOHM  39.37500 -121.25600 0.457
 APRM  38.87700 -121.21700 0.133
 ARCB  40.87667 -124.07500 0.060
 ARJM  38.68650 -120.95634 0.460
 ARRM  38.76500 -121.17200 0.127
 ARVC  35.12700 -118.82900 0.268
 ARWM  38.95633 -121.16217 0.320
 AVRM  39.02450 -121.27084 0.114
 BARC  32.68000 -116.67200 0.549
 BATC  33.45900 -115.84100-0.018
 BAVM  36.64583 -121.02983 0.604
 BBGM  36.57800 -121.03800 1.097
 BBMM  36.59133 -121.02533 1.216
 BBNM  36.51000 -121.07550 0.448
 BC2C  33.65700 -115.46100 1.185
 BCGM  36.70900 -121.34300 0.305
 BCHC  35.18500 -120.08400 1.140
 BCKC  32.72500 -115.04400 0.043
 BCKR  37.69700 -118.37200 1.634
 BCWM  36.30700 -121.56600 1.518
 BEHM  36.66467 -121.17416 0.342
 BEMM  36.66100 -121.09600 0.488
 BEVY  37.56050 -120.10233 0.632
 BFCR  38.89400 -119.60767 1.734
 BHPR  37.29900 -118.48700 2.171
 BHRM  36.72783 -121.26383 0.213
 BHSM  36.35583 -121.53983 0.646
 BISR  39.12383 -119.67500 1.786
 BJCM  36.54700 -121.39200 0.207
 BJOM  36.61083 -121.31350 1.052
 BKSB  37.87667 -122.23500 0.276
 BLKC  35.08800 -117.21800 0.648
 BLRM  36.66600 -121.27267 0.232
 BLUC  34.40700 -117.72700 1.880
 BMCM  36.65667 -121.36533 1.022
 BMHM  36.68633 -121.41333 0.811
 BMMC  33.75700 -114.58600 0.564
 BMRR  40.10867 -120.29100 2.146
 BMSM  36.66300 -120.79183 0.811
 BMTC  35.13583 -118.59683 1.237
 BOFY  37.83167 -120.25450 0.968
 BONC  32.69400 -115.26900 0.014
 BONR  37.95500 -118.30200 2.582
 BONY  37.68750 -120.36333 0.265
 BOOC  34.89300 -117.86300 0.704
 BOWY  37.75134 -120.03367 0.783
 BPCM  36.57200 -121.62600 0.183
 BPFM  36.23000 -121.77200 0.349
 BPIM  36.49000 -121.16850 0.329
 BPKC  34.12500 -114.21000 0.504
 BPPM  36.16867 -121.37800 1.591
 BPRM  36.40700 -121.72900 0.741
 BPYM  36.56500 -121.63583 0.268
 BRGC  33.17100 -116.17400 0.219
 BRKB  37.87333 -122.26000 0.081
 BRMM  36.84500 -120.82300 0.372
 BRTC  34.61100 -117.96300 0.789
 BRVM  36.42484 -121.01833 0.541
 BS4M  36.63300 -121.23417 0.357
 BSBM  36.73783 -121.28683 0.398
 BSCM  36.64167 -121.25983 0.323
 BSGM  36.41383 -121.25367 0.192
 BSLM  36.77550 -121.34933 0.155
 BSMM  36.38400 -121.42700 0.927
 BSRM  36.66650 -121.51867 0.395
 BTLC  34.25700 -117.00500 2.526
 BVLM  36.57500 -121.18900 0.510
 BVYM  36.74900 -121.41300 0.585
 CACM  37.97600 -121.76000 0.074
 CADM  37.16383 -121.62583 0.207
 CADO  37.16283 -121.62417 0.244
 CAHC  33.50400 -116.69900 1.219
 CAIM  37.86133 -122.42950 0.223
 CALC  35.10400 -117.94800 0.722
 CALM  37.45100 -121.79900 0.265
 CAMC  34.25500 -119.03300 0.268
 CAOM  37.34900 -121.53300 0.628
 CASR  37.57483 -118.55150 2.107
 CAVC  35.05200 -116.33900 0.664
 CAVY  37.43917 -120.09950 0.476
 CBHM  37.79683 -121.64616 0.279
 CBKC  32.90000 -116.25200 0.414
 CBKM  37.87600 -122.24800 0.276
 CBRM  37.81600 -122.06200 0.610
 CBSM  37.81767 -121.64050 0.058
 CBWM  37.92400 -122.10700 0.221
 CCMC  33.42900 -115.46500 0.488
 CCNM  37.79150 -121.94817 0.219
 CCOM  37.25767 -121.67250 0.366
 CCYM  37.55167 -122.09084 0.067
 CDAL  37.73000 -121.72800 0.190
 CDOM  37.73000 -121.83500 0.198
 CDSM  37.96633 -122.25283 0.109
 CDUM  38.02967 -122.00083 0.168
 CDVL  37.56600 -121.68000 0.250
 CFLC  34.33300 -118.02300 1.586
 CFTC  34.03500 -117.11100 0.671
 CH2C  33.29600 -115.33600 0.347
 CHMC  34.55300 -114.57200 0.694
 CHRY  37.34800 -120.18616 0.198
 CISC  33.40700 -118.40300 0.485
 CIWC  33.46500 -118.55200 0.050
 CJVC  34.53000 -118.14500 1.341
 CKCC  34.13600 -117.17500 0.550
 CLBY  37.71500 -120.74700 0.084
 CLCC  35.81700 -117.59700 0.766
 CLCM  37.73800 -122.06384 0.312
 CMBB  38.03500 -120.38500 0.719
 CMCM  37.78100 -122.17600 0.090
 CMHM  37.35950 -121.75633 0.518
 CMJM  37.52083 -121.87050 0.498
 CMLM  37.47700 -121.65100 1.076
 CMMM  37.45567 -121.49367 1.117
 CMNL  37.62700 -121.70800 0.245
 CMOM  37.81100 -121.80200 0.792
 CMPM  37.35767 -121.30850 0.799
 CMRM  37.59467 -121.63700 0.500
 CO2C  33.84700 -115.34500 0.276
 COAC  32.86300 -115.12300 0.034
 COKC  32.84900 -115.72700-0.015
 COQC  33.86100 -117.51000 0.250
 COSM  37.50800 -121.37400 1.020
 COTC  33.30500 -115.35300 0.293
 COUY  37.70500 -120.18500 0.686
 COYC  33.36100 -116.30900 0.232
 CPAM  37.63133 -121.95617 0.463
 CPEC  32.88000 -117.10000 0.213
 CPLM  37.63750 -121.96066 0.317
 CPMC  34.15400 -116.19700 0.937
 CPNL  37.65017 -121.86166 0.200
 CPSL  37.69000 -121.70000 0.155
 CRAM  37.76700 -121.93800 0.171
 CRGC  35.24200 -119.72300 1.204
 CRPM  37.91200 -121.90600 0.331
 CRRC  32.88600 -115.96800 0.098
 CSAL  37.67367 -121.70417 0.215
 CSCM  37.28500 -121.77200 0.128
 CSHM  37.64800 -122.04283 0.170
 CSPM  37.95750 -122.31084 0.216
 CSPW  34.29800 -117.35500 1.266
 CSTL  37.63900 -121.49800 0.205
 CTFL  37.64633 -121.67250 0.295
 CTLM  37.65733 -121.64384 0.458
 CTSD  37.65667 -116.72567 1.890
 CTWC  33.68000 -115.87200 0.561
 CVAL  37.61800 -121.75800 0.201
 CVLL  37.62600 -121.83600 0.245
 DARY  37.51950 -119.83200 1.006
 DB2C  33.73500 -117.06200 0.625
 DBMC  34.97900 -118.36000 1.204
 DENY  37.54033 -120.61333 0.078
 DTPC  35.26800 -117.84500 0.951
 DVLC  34.20000 -117.32800 0.598
 EBPR  38.58283 -119.80634 2.432
 ECFC  34.45800 -119.09100 1.000
 ELMC  34.52600 -117.64000 0.986
 ELRC  33.14700 -115.83200-0.063
 ELSC  33.64800 -117.42700 0.853
 EMSC  32.74100 -114.98800 0.047
 ERPC  32.74300 -115.66300-0.009
 ESCY  37.80567 -120.99966 0.037
 EWCC  33.93700 -116.38100 0.512
 FALC  34.31000 -117.80900 2.316
 FHCB  40.80167 -123.98500 0.610
 FILC  34.42400 -118.83500 0.243
 FLSC  34.96900 -117.03600 0.330
 FMAS  33.71300 -118.29100 0.015
 FOXC  34.73300 -118.23100 0.716
 FPNR  39.20533 -118.15434 2.256
 FRGC  33.75700 -116.06200 0.934
 FRIB  36.99166 -119.70834 0.119
 FRKC  33.40100 -115.63700 0.091
 FTCC  34.87083 -118.89183 0.924
 FTMC  32.55500 -114.33400 0.263
 GACM  38.87300 -122.86200 0.985
 GAFM  38.89317 -123.53800 0.710
 GARM  38.95500 -122.25200 0.268
 GASW  39.65483 -122.71516 1.231
 GAVC  34.02200 -117.51200 0.186
 GAXM  38.71083 -122.75500 0.379
 GBBW  39.80083 -122.34634 0.246
 GBDM  39.44200 -123.30917 0.655
 GBGM  38.81400 -122.67934 1.125
 GBMM  39.14183 -122.49400 0.975
 GBOM  38.82433 -122.84283 0.879
 GCBM  39.38383 -123.52133 0.560
 GCCB  37.03000 -121.99667 0.122
 GCMM  38.80583 -122.75517 1.286
 GCRM  38.77383 -122.71650 0.731
 GCSM  39.02283 -123.52116 0.695
 GCVM  38.76900 -123.01500 0.150
 GCWM  39.13083 -123.07584 1.089
 GDCM  38.76700 -123.23900 0.772
 GDXM  38.80767 -122.79383 0.931
 GFPS  34.12900 -118.31000 0.000
 GFRW  39.61700 -122.42783 0.236
 GFTM  38.79300 -122.83400 0.755
 GGLM  38.89667 -122.77634 0.893
 GGPM  38.76467 -122.84417 1.054
 GGUM  38.85600 -123.49800 0.661
 GHCM  38.60600 -123.19683 0.518
 GHGM  39.12800 -122.82500 0.903
 GHLM  39.04050 -123.01867 0.956
 GHMM  39.49567 -122.93000 1.486
 GHVM  39.08500 -122.73434 1.036
 GLAC  33.05200 -114.82700 0.627
 GMCM  38.79267 -123.13000 0.426
 GMKM  38.96950 -122.78700 0.906
 GMMM  38.83800 -122.79900 0.963
 GMOM  38.71000 -123.14300 0.802
 GNAM  39.19700 -123.63100 0.344
 GNOR  38.92916 -119.85284 1.646
 GPMM  38.84700 -122.94600 0.783
 GRMW  39.91700 -122.67000 1.307
 GRNM  39.17533 -123.57550 0.073
 GRPC  34.80400 -115.60400 1.238
 GRTM  38.93867 -122.66967 0.619
 GSCC  35.30200 -116.80500 0.990
 GSGM  38.86700 -122.71000 1.080
 GSMM  38.76900 -122.78100 1.017
 GSNM  38.94000 -123.19200 0.870
 GSSM  38.70200 -123.01300 0.282
 GTSM  39.31167 -122.60250 1.103
 GWKM  39.05200 -122.49100 0.841
 GWRM  39.20700 -123.30000 0.658
 GWVD  36.18667 -116.67067 1.540
 HAYC  33.70700 -115.63700 0.439
 HAZM  36.88467 -121.59084 0.122
 HBTM  36.85000 -121.55100 0.098
 HCAM  37.02500 -121.48400 0.332
 HCBM  36.93100 -121.66000 0.219
 HCKR  38.07550 -118.59216 1.890
 HCOM  36.88850 -121.70567 0.129
 HCPM  37.19400 -121.18500 0.513
 HCRM  36.95767 -121.58350 0.241
 HCZM  36.90900 -121.80033 0.030
 HDGC  34.42900 -116.30500 1.347
 HDLM  36.83500 -121.64400 0.204
 HFEM  36.98300 -121.40100 0.323
 HFHM  36.88800 -121.46900 0.101
 HFPM  36.75367 -121.49050 0.705
 HGSM  37.09583 -121.44717 0.778
 HGWM  37.01700 -121.65033 0.133
 HIDY  37.11250 -119.89333 0.165
 HJGM  36.79800 -121.57383 0.171
 HJSM  36.81650 -121.29867 0.215
 HKRM  36.90166 -121.42600 0.066
 HLTM  36.88400 -121.30800 0.183
 HMOM  36.60000 -121.91800 0.192
 HODC  34.83900 -117.24600 0.829
 HORM  36.91700 -121.50800 0.098
 HOTC  33.31400 -116.58200 1.963
 HOTY  37.53050 -120.25083 0.351
 HPHM  36.85600 -121.40600 0.122
 HPLM  37.05200 -121.29000 0.152
 HPRM  36.95300 -121.69500 0.094
 HQRM  36.83367 -121.21267 0.536
 HS8M  37.08017 -121.09417 0.122
 HSFM  36.81200 -121.49900 0.340
 HSLM  37.01900 -121.08600 0.520
 HSPC  32.74700 -115.56200-0.006
 HSPM  37.11500 -121.51600 0.850
 HTCR  37.53000 -118.77100 3.012
 HYSC  34.85800 -117.60700 0.867
 IKPC  32.64900 -116.10800 0.957
 INDC  33.81600 -116.23000 0.354
 INGC  32.98800 -115.31000 0.002
 INSC  33.93600 -116.19400 1.700
 IRCC  34.39000 -118.40000 0.579
 IRNC  34.16000 -115.18400 0.980
 IRSC  33.19100 -115.42900-0.010
 ISAC  35.66300 -118.47300 0.835
 JALM  37.15800 -121.84700 0.244
 JAS1  37.92700 -120.42000 0.427
 JASB  37.94667 -120.43833 0.457
 JAWC  35.31600 -118.04500 0.762
 JBCM  37.16000 -122.02600 0.660
 JBGM  37.34200 -122.33900 0.158
 JBLM  37.12800 -122.16800 0.792
 JBMM  37.31800 -122.15300 0.820
 JBZM  37.01783 -121.81917 0.213
 JCBM  37.11183 -121.68884 0.192
 JECM  37.05067 -121.80933 0.438
 JEGM  37.51400 -122.46200 0.202
 JFSC  35.35100 -117.67000 4.700
 JHLM  37.10900 -121.83300 0.908
 JHPM  37.44400 -122.30100 0.347
 JLTM  37.35367 -122.20417 0.270
 JLXM  37.20183 -121.98617 0.244
 JMGM  37.63700 -122.47383 0.201
 JNHC  34.44700 -117.95400 1.317
 JPLM  36.97700 -121.83200 0.158
 JPPM  37.26400 -122.21300 0.186
 JPRM  37.79500 -122.47383 0.107
 JPSM  37.19900 -122.34800 0.084
 JRGM  37.03700 -121.96433 0.213
 JRRM  37.05450 -121.72684 0.408
 JSAM  37.58250 -122.41717 0.207
 JSCM  37.28450 -122.12366 0.357
 JSFM  37.40500 -122.17600 0.143
 JSGM  37.28267 -122.05000 0.198
 JSJM  37.33383 -122.09133 0.122
 JSMM  37.21200 -122.16800 0.262
 JSSM  37.16900 -121.93100 0.946
 JSTM  37.20683 -121.79733 0.149
 JTGM  37.02800 -121.87600 0.253
 JTRC  33.81400 -115.90000 1.372
 JUCM  37.00100 -122.04900 0.177
 JULC  33.04800 -116.61300 1.292
 JWSM  37.41800 -122.27216 0.280
 KBBM  40.19700 -123.85000 0.576
 KBFR  39.50683 -120.21183 2.079
 KBNM  39.89267 -123.19400 1.363
 KBRM  40.72983 -123.95567 0.853
 KBSM  39.91783 -123.59467 1.134
 KBYC  33.04000 -115.70100-0.051
 KCPM  39.68700 -123.57800 1.265
 KCRM  40.42633 -123.81850 0.896
 KCTM  40.47583 -124.33633 0.409
 KEEC  33.63800 -116.65300 1.366
 KEYY  37.83000 -120.49500 0.336
 KFPM  39.63900 -123.42400 0.796
 KGMM  40.75883 -123.67433 1.615
 KIPM  39.80867 -123.48050 1.367
 KKPM  40.14583 -123.46833 1.244
 KMPM  40.41700 -124.12000 0.957
 KNFY  37.83950 -120.67267 0.122
 KOMM  41.27883 -123.45216 1.881
 KPKW  39.58300 -121.30500 0.897
 KPPM  40.34600 -123.36200 1.762
 KRKM  39.56283 -123.18217 1.280
 KRMM  41.52183 -123.90517 1.280
 KRPM  41.15800 -124.02300 0.829
 KSMM  40.18583 -124.17467 0.991
 KSPM  39.51700 -123.50200 0.869
 KSXM  41.83083 -123.87583 1.143
 KVNR  39.05100 -118.10067 1.829
 KYPC  34.10200 -118.88000 0.700
 LANC  34.72700 -118.05100 0.719
 LAQC  33.62800 -116.28000 0.049
 LAVC  34.76600 -116.28600 0.902
 LBAM  40.57267 -121.43100 2.121
 LBFM  41.34700 -121.89000 1.982
 LBGM  40.80200 -122.59000 0.884
 LBKM  41.08400 -122.66500 1.341
 LBMM  40.73283 -122.36584 0.841
 LBPM  40.31833 -122.88133 1.051
 LCAM  41.16883 -122.27283 0.689
 LCFM  40.48600 -121.52400 2.438
 LCHD  37.23466 -117.64733 1.455
 LCMM  40.14650 -121.52100 1.829
 LCSM  41.41617 -122.39250 1.125
 LDBM  40.43167 -121.78467 1.225
 LEDC  34.46800 -115.93700 0.853
 LEGY  37.19117 -120.26050 0.075
 LEHM  41.23967 -122.29034 1.511
 LEOC  34.63100 -118.30400 1.073
 LGAC  32.76000 -114.49300 0.068
 LGBM  41.34500 -122.19400 2.414
 LGPM  40.91200 -122.82900 1.290
 LHCM  40.80500 -121.51400 1.020
 LHEM  41.62850 -122.23050 2.155
 LHKM  40.43500 -121.27800 2.060
 LHMM  40.89683 -122.24500 1.064
 LHOM  40.68517 -122.75000 1.378
 LHPM  41.48650 -121.86733 1.622
 LHUC  34.67200 -118.41200 1.036
 LHVR  38.25100 -118.50500 2.225
 LJBC  34.59100 -117.84800 0.899
 LLAB  36.61666 -120.94334 0.475
 LLNC  34.48600 -117.84500 1.018
 LMHM  41.57900 -121.65733 2.228
 LMPM  41.48800 -122.16100 1.865
 LMZM  40.54550 -121.56400 1.792
 LOKC  34.72400 -119.09100 1.570
 LPBM  41.42400 -121.60567 1.527
 LPDM  41.19500 -121.69600 1.231
 LRDM  40.46300 -121.46400 2.292
 LRMC  35.47700 -117.68900 1.256
 LRRC  34.52600 -118.02800 0.908
 LSHM  40.79300 -122.03800 0.762
 LSLM  40.42700 -121.53400 2.048
 LSMM  40.28300 -121.30100 1.829
 LTCC  33.48900 -115.07000 0.458
 LTCM  40.20833 -122.12417 0.257
 LTMC  33.91500 -114.91800 0.744
 LTNM  41.60500 -121.91900 1.445
 LTSM  41.56833 -121.99733 1.920
 LULR  38.05200 -119.18000 2.243
 LWDM  40.61183 -122.52734 0.390
 LWEM  41.43583 -122.45133 0.988
 LWHM  40.64400 -121.94500 0.555
 LWPM  40.59417 -121.37883 2.491
 MARC  35.00200 -119.33900 0.436
 MATM  37.87300 -119.86700 1.353
 MBFM  37.67850 -120.36333 0.309
 MBOM  37.68900 -120.36400 0.279
 MCHM  38.01867 -120.50950 0.475
 MCLM  37.59000 -118.82400 2.630
 MCMM  37.61000 -118.87300 2.260
 MCSM  37.65500 -118.90450 2.420
 MCUM  37.97267 -120.61700 0.336
 MDAC  33.91300 -116.99900 0.845
 MDCM  37.71000 -119.04200 2.520
 MDEM  37.54050 -120.61300 0.080
 MDRM  37.63867 -118.83550 2.220
 MECC  33.63500 -116.02900 0.495
 MECM  37.80233 -120.98367 0.037
 MEMM  37.66600 -118.93900 2.495
 MFBM  37.43000 -118.42800 1.366
 MGCR  37.54500 -118.81800 2.565
 MGLW  39.81183 -121.55700 1.010
 MGNR  37.81300 -118.69600 2.522
 MGPM  37.62600 -118.90100 2.208
 MHCB  37.34167 -121.64167 1.282
 MHDM  37.12300 -119.89300 0.177
 MHIM  37.11967 -119.91617 0.146
 MINB  40.34500 -121.60500 1.495
 MIRC  33.41600 -116.08100 0.091
 MLCM  37.61050 -118.91583 2.550
 MLKM  37.66433 -118.97500 2.620
 MLLC  34.09100 -116.93600 1.513
 MLLM  37.57883 -118.90500 3.030
 MLMM  37.72883 -118.94650 2.540
 MLNR  37.59400 -118.34300 1.780
 MLRM  38.09100 -120.16400 1.387
 MMCR  38.36083 -119.12833 2.548
 MMPM  37.61000 -119.02800 2.870
 MMWM  38.06384 -120.18150 1.411
 MNAR  38.43283 -118.15667 1.524
 MNHM  38.14583 -120.81367 0.219
 MNPM  37.41483 -119.72800 1.000
 MNPO  37.41367 -119.72517 0.975
 MOGM  37.49200 -118.50300 1.542
 MONR  38.06083 -118.77583 2.179
 MOV   34.15600 -116.50200 1.239
 MOYM  37.90000 -120.56700 0.176
 MRFM  38.24500 -120.52100 0.799
 MRSM  37.51067 -118.88216 3.680
 MRVC  34.06100 -116.54300 0.981
 MSKM  37.65300 -119.02400 2.660
 MSLM  37.61666 -118.95500 2.530
 MSMM  37.18650 -120.49717 0.043
 MSTM  37.90400 -120.40500 0.366
 MTCM  37.63167 -118.96500 2.398
 MTGM  37.56133 -120.10433 0.634
 MTUM  37.35300 -118.56300 1.810
 MWBM  37.16900 -118.33700 1.560
 MWCC  34.22300 -118.05800 1.730
 MYLM  37.36700 -120.41933 0.089
 MYOM  37.39467 -120.41967 0.084
 MZPD  37.70067 -117.38300 2.375
 NAPM  38.43900 -122.25000 0.732
 NBPM  38.66783 -122.19334 0.867
 NBRM  38.26083 -122.54984 0.137
 NCDM  38.36983 -122.46167 0.620
 NCFM  38.32133 -122.79550 0.098
 NCPM  38.78600 -122.12200 0.540
 NDHM  38.76500 -121.91200 0.069
 NFIM  37.69833 -123.00000 0.107
 NFRM  38.52267 -123.16100 0.528
 NGVM  38.28067 -122.21484 0.257
 NHBM  38.58933 -122.90900 0.165
 NHMM  38.15467 -121.80033 0.065
 NIMM  38.56200 -122.26400 0.623
 NLHM  38.11983 -122.14783 0.177
 NLNM  38.15250 -122.71250 0.120
 NMHM  38.66900 -122.63200 1.311
 NMTM  38.80567 -122.44600 0.422
 NMWM  38.55000 -122.72300 0.134
 NMXM  38.41133 -122.05733 0.177
 NOLM  38.04167 -122.79400 0.037
 NOPD  36.12800 -116.15266 0.970
 NPRM  37.99650 -123.01633 0.165
 NPVM  38.64300 -122.42600 0.213
 NRRM  38.53000 -122.09500 0.506
 NSHM  38.52000 -122.60700 0.328
 NSPM  38.18267 -122.45333 0.088
 NTAM  37.92383 -122.59500 0.768
 NTBM  38.24783 -122.93100 0.128
 NTMM  38.38583 -122.68050 0.105
 NTPM  37.92033 -122.56300 0.274
 NTYM  38.38900 -122.66200 0.372
 NVAM  38.41500 -122.11500 0.858
 NVEM  38.37267 -122.43616 0.707
 NW2C  33.09000 -115.69200-0.068
 NWRM  38.45700 -122.88766 0.050
 OBBC  33.16700 -115.63700-0.059
 OBHM  39.65367 -121.46066 0.896
 OBHO  39.65166 -121.46167 0.916
 OCHM  39.87583 -121.76550 0.530
 OCMM  39.52400 -121.62300 0.098
 OGOM  39.65367 -121.61200 0.158
 OHCM  39.33600 -121.48400 0.076
 OLYC  33.43100 -117.11800 0.482
 ORAM  39.46883 -121.41333 0.585
 ORCR  37.63500 -118.65600 2.301
 ORDM  39.55550 -121.50000 0.362
 ORVW  39.55383 -121.50034 0.362
 OSRM  39.36867 -121.59666 0.029
 OSTM  39.37033 -121.58517 0.036
 OSUM  39.27050 -121.85167 0.067
 OTBM  39.54583 -121.56084 0.223
 OWYM  39.45300 -121.48700 0.177
 PABM  35.15700 -120.63600 0.200
 PADM  35.63900 -120.86400 0.471
 PAGM  35.73200 -120.24900 0.482
 PAMW  39.44900 -121.51984 0.131
 PANM  35.77967 -120.90733 0.451
 PAPM  35.91283 -121.36166 1.015
 PARM  36.24900 -120.34200 0.485
 PARR  38.77067 -117.89650 1.774
 PASC  34.14900 -118.17200 0.308
 PAVM  35.17583 -120.63250 0.133
 PBIM  35.16100 -120.47400 0.561
 PBRM  35.54850 -121.00900 0.085
 PBWM  36.31500 -120.92900 0.381
 PBYM  35.81500 -121.08100 0.335
 PCAM  35.93167 -120.33700 1.189
 PCBM  35.51900 -121.05900 0.186
 PCCB  37.50000 -122.38167 0.091
 PCFC  34.05300 -117.79100 0.163
 PCGM  35.42500 -120.73900 0.314
 PCRM  36.09400 -120.43500 0.296
 PDRM  36.33567 -120.36867 0.488
 PECW  33.89200 -117.16000 0.616
 PEMC  34.16700 -117.87000 0.500
 PG2M  35.83400 -120.34400 0.428
 PGCM  35.17783 -120.61633 0.108
 PGED  36.34883 -117.06583 1.850
 PGHM  35.83100 -120.35284 0.433
 PGWM  35.18383 -120.62700 0.148
 PHAM  35.83600 -120.39800 0.455
 PHBM  36.24883 -120.08266 0.100
 PHCM  35.68200 -121.15200 0.514
 PHGM  35.87600 -120.48350 0.792
 PHOM  35.86900 -120.48100 0.805
 PHPM  35.98600 -120.60200 0.567
 PHRM  36.37300 -120.81800 0.732
 PHSM  35.82400 -121.05300 0.475
 PICC  32.91400 -114.64300 0.263
 PIUC  34.74000 -115.09400 1.209
 PIVM  35.90650 -120.68233 0.497
 PJLM  36.08983 -121.15550 0.290
 PKEM  36.06150 -120.10900 0.288
 PKMC  34.89583 -119.81883 1.704
 PLEC  34.96800 -119.06800 1.082
 PLMC  33.35300 -116.86200 1.692
 PLOM  36.24600 -121.04300 0.308
 PLTC  32.73100 -114.72900 0.061
 PMCM  35.72467 -120.37050 0.488
 PMCR  37.42633 -117.90717 1.829
 PMGM  35.42983 -120.52033 0.529
 PMLM  34.89500 -120.60800 0.494
 PMMM  35.95700 -120.49700 0.785
 PMPM  36.21500 -120.79500 0.784
 PMRM  35.78483 -120.23566 0.512
 PNMC  33.97700 -115.80100 1.148
 POBC  33.68700 -116.92300 1.003
 POCR  37.36200 -118.27900 1.799
 PPBM  35.26100 -120.88400 0.107
 PPCM  35.95000 -120.59400 0.604
 PPFM  35.88183 -120.41350 0.469
 PPKD  37.42600 -117.90700 1.830
 PPRM  35.64767 -120.70067 0.279
 PPTM  36.10800 -120.72100 0.506
 PRCM  36.25600 -120.62000 0.623
 PRIB  36.14167 -120.66500 1.187
 PRSB  36.33167 -121.37000 0.363
 PSAM  36.02500 -120.88800 0.184
 PSEM  35.24500 -120.76500 0.201
 PSHM  35.59083 -120.41534 0.390
 PSMM  36.06967 -120.59467 0.988
 PSPC  33.79400 -116.54900 0.195
 PSRM  35.85783 -120.28017 0.552
 PSTM  35.92883 -120.50833 0.616
 PTDC  34.00400 -118.80600 0.040
 PTFM  35.89400 -120.41000 0.572
 PTQM  34.58133 -120.57150 0.479
 PTRM  35.65467 -120.21117 0.643
 PTYM  35.94550 -120.47417 0.552
 PVCM  35.92200 -120.53400 0.786
 PVRC  33.75200 -118.37000 0.183
 PWKM  35.81400 -120.51100 0.503
 PWMM  36.43283 -120.21100 0.072
 PYRW  34.56800 -118.74167 1.247
 QALC  34.75000 -118.71500 1.256
 RAYC  34.03600 -116.81100 2.342
 RCCR  37.48800 -118.72200 2.800
 RCHC  34.30700 -116.35100 0.841
 RDMC  34.40000 -117.18300 1.426
 RMRC  34.21300 -116.57500 1.702
 RODC  34.63000 -116.60500 1.292
 RUNC  32.97200 -114.97700 0.153
 RVMC  34.18000 -114.20000 0.243
 RVRC  33.99300 -117.37500 0.180
 RVSC  34.03500 -114.51800 0.677
 RYNR  38.62817 -118.52300 1.585
 RYSC  34.64300 -119.35200 1.841
 SADC  34.08100 -118.66500 0.732
 SAIC  34.01300 -119.43700 0.113
 SAOB  36.76500 -121.44500 0.350
 SBBC  34.68800 -117.82500 0.850
 SBIS  33.48100 -119.02900 0.006
 SBKC  35.07900 -117.58100 0.881
 SCC   34.94100 -120.17200 0.610
 SCCC  34.94133 -120.17200 0.610
 SCD   34.36900 -119.34400 0.213
 SCHR  37.36583 -118.68700 2.365
 SCIC  32.98000 -118.54700 0.219
 SCOM  34.18200 -118.98700 0.317
 SCPM  34.08900 -118.96400 0.549
 SCYC  34.10600 -118.45400 0.287
 SDLC  35.38100 -117.88700 0.756
 SDWC  34.60900 -117.07400 1.184
 SFKY  37.65383 -119.88333 0.534
 SGLC  32.64900 -115.72500 0.110
 SHHC  34.18800 -115.65500 1.122
 SILC  34.34800 -116.82700 1.730
 SIPC  34.20400 -118.79900 0.700
 SJCR  38.34917 -119.43916 2.256
 SJQC  33.62000 -117.84500 0.165
 SLC   34.49600 -119.71400 1.190
 SLCC  34.49650 -119.71350 1.190
 SLG   34.11400 -119.06400 0.415
 SLKR  37.83400 -119.12900 0.000
 SLP   34.56000 -120.40000 0.134
 SLPC  34.55950 -120.40033 0.134
 SLTC  33.26500 -115.92300-0.050
 SLUC  32.50200 -114.77700 0.041
 SMEC  33.82300 -117.35500 0.488
 SMOC  33.53600 -116.46200 2.437
 SMRY  37.19117 -120.50283 0.042
 SNDC  35.14300 -118.30200 1.317
 SNEY  37.53200 -120.43217 0.085
 SNRC  32.86200 -115.43700-0.030
 SNSC  33.43200 -117.54800 0.190
 SPMC  34.47200 -115.40300 0.915
 SRTC  35.69200 -117.74900 0.698
 SS2C  34.20800 -117.50000 1.609
 SSC   33.99500 -119.63300 0.457
 SSM   34.03700 -120.35000 0.172
 SSMC  34.03733 -120.35017 0.172
 SSN   33.24500 -119.50600 0.259
 SSVC  34.21700 -117.48900 1.594
 STPC  34.57100 -114.84800 0.628
 STRR  37.43700 -118.76000 3.704
 STTC  34.78900 -118.46200 0.829
 SUNC  34.21100 -117.69300 1.683
 SUPC  32.95500 -115.82400 0.219
 SVPD  37.71500 -117.80083 2.620
 SWMC  34.71700 -118.58300 1.220
 SYPC  34.52700 -119.97800 1.305
 SYSC  32.58000 -116.91100 0.277
 TCCC  33.99400 -118.01300 0.299
 TEJC  35.23000 -118.68900 0.634
 THCC  34.90900 -118.66300 1.718
 THRC  34.55300 -117.71800 1.025
 TJRC  35.02800 -118.74300 0.439
 TMBC  35.08700 -119.53500 1.021
 TMOD  36.80533 -117.40800 2.195
 TNKR  39.26750 -120.23583 2.438
 TNPR  38.08200 -117.21767 1.939
 TOWC  35.80800 -117.76500 0.314
 TPCC  34.10600 -116.04900 0.761
 TPOC  34.87900 -118.22800 0.799
 TTMC  34.33500 -114.82700 1.098
 TWLC  34.27800 -118.59400 0.381
 VG2C  33.83200 -116.80900 1.484
 VGRC  33.83800 -116.80900 1.500
 VPDC  33.81500 -117.76200 0.183
 VSTC  33.15700 -117.23200 0.112
 WASC  35.73800 -118.55700 1.871
 WBM   35.45100 -118.58334 2.292
 WBMC  35.60800 -117.89000 0.925
 WBSC  35.53700 -118.13950 1.932
 WCFC  36.20833 -117.90383 1.372
 WCGC  36.19017 -117.62317 1.676
 WCHC  35.88300 -118.07467 2.475
 WCNR  39.30167 -119.75633 1.704
 WCOC  35.62250 -118.43750 1.609
 WCPC  36.07100 -117.85000 1.494
 WCSC  36.02600 -117.76700 1.143
 WCXC  35.71000 -117.60000 0.671
 WDCB  40.58000 -122.54000 0.300
 WH2C  34.31400 -114.40900 1.245
 WHFC  35.69600 -118.34900 0.902
 WHSC  36.10500 -117.76100 1.448
 WHVC  35.51000 -118.51783 1.006
 WISC  33.27600 -115.59300-0.068
 WJPC  35.41083 -118.48067 1.122
 WK2B  40.38917 -124.29550 0.976
 WKTC  35.79400 -118.44200 0.890
 WLHC  36.15200 -118.31200 2.676
 WLKC  33.05100 -115.49100-0.048
 WLPM  35.50767 -118.40867 2.265
 WMDR  37.44400 -118.63700 1.683
 WMFC  36.11800 -117.85300 1.560
 WNMC  35.84283 -117.90483 0.951
 WOFC  35.53567 -118.71250 1.341
 WORC  35.69600 -118.24200 0.837
 WRCC  35.95067 -117.64816 0.945
 WRVC  36.00783 -117.89034 1.066
 WSCC  35.70400 -117.88600 0.881
 WSHC  35.63267 -117.49167 0.780
 WSPC  34.59500 -118.57800 1.219
 WVPC  35.94967 -117.81700 1.463
 WWPC  35.73550 -118.08700 1.151
 WWRC  33.99200 -116.65600 0.702
 XMSC  35.52300 -117.35500 0.704
 YAQC  33.16800 -116.35000 0.441
 YEGC  35.43600 -119.95900 0.939
 YMDC  32.55500 -114.54500 0.076
 YOLY  37.38083 -120.41717 0.085
 YUHC  32.64800 -115.92300 0.186
