#
#
#  pick_wcatwc.sta
#
#  This is a sample station list for the pick_wcatwc program.
#  Disk_wcatwc also uses the last 2 fields (sample rate and screen scale).
#  For Pick Status, Filter, and Compute Mwp columns, 1=yes and 0=no.
#  For Alarm; 0=no alarm, 1=alarm output to pager; 2=alarm output to speaker
#             3=alarm output to both
#
#  Any station/chan/net listed here will be saved to disk in disk_wcatwc.
#  Only those with PickStatus = 1 will be picked in pick_wcatwc.
#
#  NOTE: for some reason, the final entry must have Pick Status = 1.
#
#
#                Pick Status   Signal:Noise               Alarm Duration (s)     Compute Mwp           Screen Scaling
#   Sta.  Chn Net Loc       Filter           Alarm  Alarm Amp.(m/s)   Alarm Min Freq.    Sample Rate
#  ------ --- --  --    -     -      -        -      ----------   ----     -------    -  -----------     --------
   BILL   BHZ IU  00    1     1      5        3       0.000012    20.0     0.3330     1   20.000000       0.1
   MA2    BHZ IU  00    1     1      5        3       0.000012    20.0     0.3330     1   20.000000       0.02
   PET    BHZ IU  00    1     1      5        3       0.000024    20.0     0.3330     1   20.000000       0.03
   SMY    BHZ AT  --    1     1      5        3       0.000012    20.0     0.3330     1   20.000000       0.02
   SMY    BHE AT  --    0     1      5        0       0.000012    20.0     0.3330     0   20.000000       0.015
   SMY    BHN AT  --    0     1      5        0       0.000012    20.0     0.3330     0   20.000000       0.015
   AMKA   BHZ AV  --    1     1      5        3       0.000012    20.0     0.3330     1   25.000000       0.03
   LSPA   SHZ AV  --    1     0      5        0       1.000000    20.0     0.3330     0   25.000000       0.5
   CERB   SHZ AV  --    1     0      5        0       1.000000    20.0     0.3330     0   25.000000       0.3
   GANE   EHZ AV  --    1     0      5        0       4.000000    20.0     0.3330     0   20.000000       0.1
   TAFP   EHZ AV  --    1     0      5        0       1.000000    20.0     0.3330     0   20.000000       0.15
   KINC   EHZ AV  --    1     0      5        0       1.000000    20.0     0.3330     0   20.000000       0.075
   ADAG   EHZ AV  --    1     0      5        0       1.000000    20.0     0.3330     0   20.000000       0.075
   ADK    BHZ IU  00    1     1      5        3       0.000012    20.0     0.3330     1   20.000000       0.005
   GSMY   EHZ AV  --    1     0      5        0       1.000000    20.0     0.3330     0   20.000000       0.2
   KOFP   EHZ AV  --    1     0      5        0       1.000000    20.0     0.3330     0   20.000000       0.025
   ATKA   BHZ AK  --    1     1      5        3       0.000012    20.0     0.3330     1   25.000000       0.012
   NIKH   BHZ AK  --    1     1      5        3       0.000012    20.0     0.3330     1   25.000000       0.02
   OKNC   BHZ AV  --    1     1      5        3       0.000012    20.0     0.3330     1   25.000000       0.0025
   OKFG   BHZ AV  --    1     1      5        3       0.000012    20.0     0.3330     1   25.000000       0.0025
   OKCE   BHZ AV  --    1     1      5        3       4.000000    20.0     0.3330     1   25.000000       0.001
   SPIA   BHZ AK  --    1     1      5        3       0.000012    20.0     0.3330     1   25.000000       0.005
   UNV    BHZ AK  --    1     1      5        3       0.000012    20.0     0.3330     1   25.000000       0.01
   MAPS   BHZ AV  --    1     1      5        3       0.000012    20.0     0.3330     1   25.000000       0.01
   MGOD   BHZ AV  --    1     1      5        3       0.000012    20.0     0.3330     1   25.000000       0.01
   MNAT   BHZ AV  --    1     1      5        3       0.000012    20.0     0.3330     1   25.000000       0.01
   MSW    BHZ AV  --    1     1      5        3       0.000012    20.0     0.3330     1   25.000000       0.01
   AKUT   BHZ AT  --    1     1      5        3       0.000012    20.0     0.3330     1   25.000000       0.01
   AKUT   BHE AT  --    0     1      5        0       0.000012    20.0     0.3330     1   25.000000       0.01
   AKUT   BHN AT  --    0     1      5        0       0.000012    20.0     0.3330     1   25.000000       0.01
   FALS   BHZ AK  --    1     1      5        3       0.000012    20.0     0.3330     1   25.000000       0.0025
   SSBA   BHZ AV  --    1     1      5        3       0.000012    20.0     0.3330     1   25.000000       0.0025
   SDPT   BHZ AT  --    1     1      5        3       0.000012    20.0     0.3330     1   25.000000       0.01
   SDPT   BHE AT  --    0     1      5        0       0.000012    20.0     0.3330     1   25.000000       0.01
   SDPT   BHN AT  --    0     1      5        0       0.000012    20.0     0.3330     1   25.000000       0.01
   VNFG   EHZ AV  --    1     0      5        0       4.000000    20.0     0.3330     0   20.000000       0.1
   CHGN   BHZ AT  --    1     1      5        3       0.000012    20.0     0.3330     1   25.000000       0.02
   CHGN   BHE AT  --    0     1      5        0       0.000012    20.0     0.3330     1   25.000000       0.02
   CHGN   BHN AT  --    0     1      5        0       0.000012    20.0     0.3330     1   25.000000       0.02
   SII    BHZ AK  --    1     1      5        0       0.000012    20.0     0.3330     1   25.000000       0.02
   KAKN   BHZ AV  --    1     1      5        3       0.000012    20.0     0.3330     1   25.000000       0.008
   GAMB   BHZ AK  --    1     1      5        3       0.000012    20.0     0.3330     1   25.000000       0.005
   RDOG   BHZ AK  --    1     1      5        3       0.000012    20.0     0.3330     1   25.000000       0.05
   TNA    BHZ AK  --    1     1      5        3       0.000012    20.0     0.3330     1   25.000000       0.05
   ANM    BHZ AK  --    1     1      5        3       0.000012    20.0     0.3330     1   25.000000       0.05
   IM04   SHZ IM  --    1     0      5        0       0.000012    20.0     0.3330     0   20.000000       0.0125
   COLD   BHZ AK  --    1     1      5        3       0.000012    20.0     0.3330     1   25.000000       0.4
   FYU    BHZ AK  --    1     1      5        3       0.000012    20.0     0.3330     1   25.000000       0.4
   COLA   BHZ IU  00    1     1      5        3       0.000012    20.0     0.3330     1   20.000000       0.05
   EGAK   BHZ US  00    1     1      5        3       0.000012    20.0     0.3330     1   20.000000       0.15
   MCK    BHZ AK  --    1     1      5        3       0.000012    20.0     0.3330     1   25.000000       0.1
   PPLA   BHZ AK  --    1     1      5        3       0.000012    20.0     0.3330     1   25.000000       0.05
   CAST   BHZ AK  --    1     1      5        3       0.000012    20.0     0.3330     1   25.000000       0.05
   TTA    BHZ AT  --    1     1      5        3       0.000012    20.0     0.3330     1   25.000000       0.25
   TTA    BHE AT  --    0     1      5        0       0.000012    20.0     0.3330     1   25.000000       0.25
   TTA    BHN AT  --    0     1      5        0       0.000012    20.0     0.3330     1   25.000000       0.25
   SVW2   BHZ AT  --    1     1      5        3       0.000012    20.0     0.3330     1   25.000000       0.04
   SVW2   BHE AT  --    0     1      5        0       0.000012    20.0     0.3330     1   25.000000       0.075
   SVW2   BHN AT  --    0     1      5        0       0.000012    20.0     0.3330     1   25.000000       0.075
   FOPK   EHZ AV  --    1     0      5        0       4.000000    20.0     0.3330     0   20.000000       0.08
   KDAK   BHZ II  00    1     1      5        3       0.000012    20.0     0.3330     1   20.000000       0.005
   OHAK   BHZ AT  --    1     1      5        3       0.000012    20.0     0.3330     1   25.000000       0.02
   OHAK   BHE AT  --    0     1      5        0       0.000012    20.0     0.3330     1   25.000000       0.02
   OHAK   BHN AT  --    0     1      5        0       0.000012    20.0     0.3330     1   25.000000       0.02
   AUI    EHZ AV  --    1     0      5        0       8.000000    20.0     0.3330     0   20.000000       0.3
   AUL    BHZ AV  --    1     1      5        3       0.000012    20.0     0.3330     1   25.000000       0.0005
   RDT    EHZ AV  --    1     0      5        0       4.000000    20.0     0.3330     0   20.000000       0.4
   PMR    BHZ AT  --    1     1      5        3       0.000012    20.0     0.3330     1   25.000000       0.06
   PMR    BHE AT  --    0     1      5        0       0.000012    20.0     0.3330     1   25.000000       0.06
   PMR    BHN AT  --    0     1      5        0       0.000012    20.0     0.3330     1   25.000000       0.06
   PMRT   BHZ AT  --    0     1      5        0       0.000012    20.0     0.3330     1   25.000000       0.03
   PMRT   BHN AT  --    0     1      5        0       0.000012    20.0     0.3330     1   25.000000       0.03
   PMRT   BHE AT  --    0     1      5        0       0.000012    20.0     0.3330     1   25.000000       0.03
   SWD    BHZ AK  --    1     1      5        3       0.000012    20.0     0.3330     1   25.000000       0.01
   BRLK   BHZ AK  --    1     1      5        3       0.000012    20.0     0.3330     1   25.000000       0.04
   MID    BHZ AT  --    1     1      5        3       0.000012    20.0     0.3330     1   25.000000       0.00325
   MID    BHE AT  --    0     1      5        0       0.000012    20.0     0.3330     1   25.000000       0.00325
   MID    BHN AT  --    0     1      5        0       0.000012    20.0     0.3330     1   25.000000       0.00325
   EYAK   BHZ AK  --    1     1      5        3       0.000012    20.0     0.3330     1   25.000000       0.05
   SGA    BHZ AK  --    1     1      5        3       0.000012    20.0     0.3330     1   25.000000       0.05
   DIV    BHZ AK  --    1     1      5        3       0.000012    20.0     0.3330     1   25.000000       0.03
   KLU    BHZ AK  --    1     1      5        3       0.000012    20.0     0.3330     1   25.000000       0.2
   PAX    BHZ AK  --    1     1      5        3       0.000012    20.0     0.3330     1   25.000000       0.1
   DOT    BHZ AK  --    1     1      5        3       0.000012    20.0     0.3330     1   25.000000       0.1
   SCRK   BHZ AK  --    1     1      5        3       0.000012    20.0     0.3330     1   25.000000       0.2
   RIDG   BHZ AK  --    1     1      5        3       0.000012    20.0     0.3330     1   25.000000       0.2
   MENT   BHZ AT  --    1     1      5        3       0.000012    20.0     0.3330     1   25.000000       0.4
   MENT   BHE AT  --    0     1      5        0       0.000012    20.0     0.3330     1   25.000000       0.4
   MENT   BHN AT  --    0     1      5        0       0.000012    20.0     0.3330     1   25.000000       0.4
   DAWY   BHZ CN  --    1     1      5        3       0.000012    20.0     0.3330     1   20.000000       0.015
   INK    BHZ CN  --    1     1      5        3       0.000012    20.0     0.3330     1   20.000000       0.016
   PIN    BHZ AK  --    1     1      5        3       0.000012    20.0     0.3330     1   25.000000       0.03
   BCP    BHZ AK  --    1     1      5        3       0.000012    20.0     0.3330     1   25.000000       0.05
   PNL    BHZ AK  --    1     1      5        3       0.000012    20.0     0.3330     1   25.000000       0.03
   YKU2   BHZ AT  --    1     1      5        3       0.000012    20.0     0.3330     1   25.000000       0.004
   YKU2   BHE AT  --    0     1      5        0       0.000012    20.0     0.3330     1   25.000000       0.004
   YKU2   BHN AT  --    0     1      5        0       0.000012    20.0     0.3330     1   25.000000       0.004
   DCPH   BHZ AK  --    1     1      5        3       0.000012    20.0     0.3330     1   25.000000       0.0075
   SKAG   BHZ AT  --    1     1      5        3       0.000012    20.0     0.3330     1   25.000000       0.08
   SKAG   BHE AT  --    0     1      5        0       0.000012    20.0     0.3330     1   25.000000       0.08
   SKAG   BHN AT  --    0     1      5        0       0.000012    20.0     0.3330     1   25.000000       0.08
   WHY    BHZ CN  --    1     1      5        3       0.000012    20.0     0.3330     1   20.000000       0.015
   YKW3   BHZ CN  --    1     1      5        3       0.000012    20.0     0.3330     1   20.000000       0.01
   BESE   BHZ AK  --    1     1      5        3       0.000012    20.0     0.3330     1   25.000000       0.05
   JIS    BHZ AK  --    1     1      5        3       0.000012    20.0     0.3330     1   25.000000       0.4
   DLBC   BHZ CN  --    1     1      5        3       0.000012    20.0     0.3330     1   20.000000       0.015
   BMR    BHZ AK  --    1     1      5        3       0.000012    20.0     0.3330     1   25.000000       0.1
   RAG    BHZ AK  --    1     1      5        3       0.000012    20.0     0.3330     1   25.000000       0.1
   HMT    BHZ AK  --    1     1      5        3       0.000012    20.0     0.3330     1   25.000000       0.1
   FNBB   BHZ CN  --    1     1      5        3       0.000012    20.0     0.3330     1   20.000000       0.015
   SIT    BHZ AT  --    1     1      5        3       0.000012    20.0     0.3330     1   25.000000       0.02
   SIT    BHE AT  --    0     1      5        0       0.000012    20.0     0.3330     1   25.000000       0.02
   SIT    BHN AT  --    0     1      5        0       0.000012    20.0     0.3330     1   25.000000       0.02
   WRAK   BHZ US  00    1     1      5        3       0.000012    20.0     0.3330     1   20.000000       0.04
   CRAG   BHZ AT  --    1     1      5        3       0.000012    20.0     0.3330     1   25.000000       0.02
   CRAG   BHE AT  --    0     1      5        0       0.000012    20.0     0.3330     1   25.000000       0.02
   CRAG   BHN AT  --    0     1      5        0       0.000012    20.0     0.3330     1   25.000000       0.02
   MOBC   BHZ CN  --    1     1      5        3       0.000012    20.0     0.3330     1   20.000000       0.003
   BBB    BHZ CN  --    1     1      5        3       0.000012    20.0     0.3330     1   20.000000       0.006
   BMBC   BHZ CN  --    1     1      5        3       0.000012    20.0     0.3330     1   20.000000       0.032
   EDM    BHZ CN  --    1     1      5        3       0.000012    20.0     0.3330     1   20.000000       0.0075
   LLLB   BHZ CN  --    1     1      5        3       0.000012    20.0     0.3330     1   20.000000       0.032
   WALA   BHZ CN  --    1     1      5        3       0.000012    20.0     0.3330     1   20.000000       0.032
   HOPB   HHZ CN  --    1     1      5        3       0.000012    20.0     0.3330     1   20.000000       0.032
   RUBB   HHZ CN  --    1     1      5        3       0.000012    20.0     0.3330     1   20.000000       0.032
   WSLR   BHZ CN  --    1     1      5        3       0.000012    20.0     0.3330     1   20.000000       0.032
   PGC    BHZ CN  --    1     1      5        3       0.000012    20.0     0.3330     1   20.000000       0.015
   EDB    BHZ CN  --    1     1      5        3       0.000012    20.0     0.3330     1   20.000000       0.032
   NLLB   BHZ CN  --    1     1      5        3       0.000012    20.0     0.3330     1   20.000000       0.064
   NC27   HHZ NV  --    1     1      5        3       0.000012    20.0     0.3330     1   20.000000       0.0075
   NCHR   EHZ NV  --    1     1      5        3       0.000012    20.0     0.3330     1   20.000000       0.03
   KEMF   EHZ NV  --    1     1      5        3       0.000012    20.0     0.3330     1   20.000000       0.03
   NC89   HHZ NV  --    1     1      5        3       0.000012    20.0     0.3330     1   20.000000       0.0075
   NCBC   HHZ NV  --    1     1      5        3       0.000012    20.0     0.3330     1   20.000000       0.0075
   PHC    BHZ CN  --    1     1      5        3       0.000012    20.0     0.3330     1   20.000000       0.1
   CBB    BHZ CN  --    1     1      5        3       0.000012    20.0     0.3330     1   20.000000       0.03
   OZB    BHZ CN  --    1     1      5        3       0.000012    20.0     0.3330     1   20.000000       0.03
   NLWA   BHZ US  00    1     1      5        3       0.000012    20.0     0.3330     1   20.000000       0.04
   OFR    BHZ UW  --    1     1      5        3       0.000012    20.0     0.3330     1   25.000000       0.04
   LRIV   BHZ UW  --    1     1      5        3       0.000012    20.0     0.3330     1   20.000000       0.04
   A04D   BHZ TA  --    1     1      5        3       0.000012    20.0     0.3330     1   20.000000       0.04
   B05D   BHZ TA  --    1     1      5        3       0.000012    20.0     0.3330     1   20.000000       0.04
   D03D   BHZ TA  --    1     1      5        3       0.000012    20.0     0.3330     1   20.000000       0.2
   GNW    BHZ UW  --    1     1      5        3       0.000012    20.0     0.3330     1   20.000000       0.08
   C06D   BHZ TA  --    1     1      5        3       0.000012    20.0     0.3330     1   20.000000       0.04
   D04E   BHZ TA  --    1     1      5        3       0.000012    20.0     0.3330     1   20.000000       0.08
   LTY    BHZ UW  --    1     1      5        3       0.000012    20.0     0.3330     1   20.000000       0.03
   LON    BHZ UW  --    1     1      5        3       0.000012    20.0     0.3330     1   20.000000       0.12
   E04D   BHZ TA  --    1     1      5        3       0.000012    20.0     0.3330     1   20.000000       0.12
   MEGW   BHZ UW  --    1     1      5        3       0.000012    20.0     0.3330     1   25.000000       0.02
   NEW    BHZ US  00    1     1      5        3       0.000012    20.0     0.3330     1   20.000000       0.15
   F04D   BHZ TA  --    1     1      5        3       0.000012    20.0     0.3330     1   20.000000       0.0375
   F05D   BHZ TA  --    1     1      5        3       0.000012    20.0     0.3330     1   20.000000       0.15
   HAWA   BHZ US  00    1     1      6        3       0.000012    20.0     0.3330     1   20.000000       0.15
   BOZ    BHZ US  00    1     1      6        3       0.000012    20.0     0.3330     1   20.000000       0.25
   HEBO   BHZ UW  --    1     1      5        3       0.000012    20.0     0.3330     1   20.000000       0.02
   G03D   BHZ TA  --    1     1      5        3       0.000012    20.0     0.3330     1   20.000000       0.02
   HOOD   BHZ UW  --    1     1      5        3       0.000012    20.0     0.3330     1   20.000000       0.02
   G05D   BHZ TA  --    1     1      5        3       0.000012    20.0     0.3330     1   20.000000       0.04
   COR    BHZ IU  00    1     1      5        3       0.000012    20.0     0.3330     1   20.000000       0.002
   H04D   BHZ TA  --    1     1      5        3       0.000012    20.0     0.3330     1   20.000000       0.03
   BUCK   BHZ UO  --    1     1      5        3       0.000012    20.0     0.3330     1   20.000000       0.04
   I02D   BHZ TA  --    1     1      5        3       0.000012    20.0     0.3330     1   20.000000       0.04
   I05D   BHZ TA  --    1     1      5        3       0.000012    20.0     0.3330     1   20.000000       0.15
   PINE   BHZ UO  --    1     1      5        3       0.000012    20.0     0.3330     1   20.000000       0.2
   TAKO   BHZ UW  --    1     1      5        3       0.000012    20.0     0.3330     1   25.000000       0.04
   I03D   BHZ TA  --    1     1      5        3       0.000012    20.0     0.3330     1   20.000000       0.04
   I04A   BHZ TA  --    1     1      5        3       0.000012    20.0     0.3330     1   20.000000       0.15
   HLID   BHZ US  00    1     1      6        3       0.000012    20.0     0.3330     1   20.000000       0.3
   DBO    BHZ UO  --    1     1      5        3       0.000012    20.0     0.3330     1   20.000000       0.03
   J01E   BHZ TA  --    1     1      5        3       0.000012    20.0     0.3330     1   20.000000       0.03
   J04D   BHZ TA  --    1     1      5        3       0.000012    20.0     0.3330     1   20.000000       0.06
   J05D   BHZ TA  --    1     1      5        3       0.000012    20.0     0.3330     1   20.000000       0.2
   KEB    HHZ NC  --    1     1      5        3       0.000012    20.0     0.3330     1   20.000000       0.025
   K02D   BHZ TA  --    1     1      5        3       0.000012    20.0     0.3330     1   20.000000       0.05
   HUMO   BHZ BK  00    1     1      5        3       0.000012    20.0     0.3330     1   20.000000       0.03
   K04D   BHZ TA  --    1     1      5        3       0.000012    20.0     0.3330     1   20.000000       0.03
   WVOR   BHZ US  00    1     1      6        3       0.000012    20.0     0.3330     1   20.000000       0.4
   KBO    HHZ NC  --    1     1      5        3       0.000012    20.0     0.3330     1   20.000000       0.02
   L02E   BHZ TA  --    1     1      5        3       0.000012    20.0     0.3330     1   20.000000       0.08
   L04D   BHZ TA  --    1     1      5        3       0.000012    20.0     0.3330     1   20.000000       0.08
   YBH    BHZ BK  00    1     1      5        3       0.000012    20.0     0.3330     1   20.000000       0.02
   M04C   BHZ TA  --    1     1      5        3       0.000012    20.0     0.3330     1   20.000000       0.15
   KRMB   HHZ NC  --    1     1      5        3       0.000012    20.0     0.3330     1   20.000000       0.04
   KRP    HHZ NC  --    1     1      5        3       0.000012    20.0     0.3330     1   20.000000       0.025
   M02C   BHZ TA  --    1     1      5        3       0.000012    20.0     0.3330     1   20.000000       0.4
   KHMB   HHZ NC  --    1     1      5        3       0.000012    20.0     0.3330     1   20.000000       0.04
   N02D   BHZ TA  --    1     1      5        3       0.000012    20.0     0.3330     1   20.000000       0.08
   KCT    HHZ NC  --    1     1      5        3       0.000012    20.0     0.3330     1   20.000000       0.01
   WDC    BHZ BK  00    1     1      5        3       0.000012    20.0     0.3330     1   20.000000       0.12
   O02D   BHZ TA  --    1     1      5        3       0.000012    20.0     0.3330     1   20.000000       0.12
   O03E   BHZ TA  --    1     1      5        3       0.000012    20.0     0.3330     1   20.000000       0.12
   KCPB   HHZ NC  --    1     1      5        3       0.000012    20.0     0.3330     1   20.000000       0.05
   HOPS   BHZ BK  00    1     1      5        3       0.000012    20.0     0.3330     1   20.000000       0.008
   MCCM   BHZ BK  00    1     1      5        3       0.000012    20.0     0.3330     1   20.000000       0.004
   ORV    BHZ BK  00    1     1      5        3       0.000012    20.0     0.3330     1   20.000000       0.05
   DUG    BHZ US  00    1     1      6        3       0.000012    20.0     0.3330     1   20.000000       0.24
   ISCO   BHZ US  00    1     1      6        3       0.000012    20.0     0.3330     1   20.000000       0.24
   BKS    BHZ BK  00    1     1      5        3       0.000012    20.0     0.3330     1   20.000000       0.004
   CMB    BHZ BK  00    1     1      6        3       0.000012    20.0     0.3330     1   20.000000       0.04
   GRA    BHZ CI  --    1     1      5        3       0.000012    20.0     0.3330     1   20.000000       0.2
   MLAC   BHZ CI  --    1     1      5        3       0.000012    20.0     0.3330     1   20.000000       0.03
   TIN    BHZ CI  --    1     1      5        3       0.000012    20.0     0.3330     1   20.000000       0.03
   SAO    BHZ BK  00    1     1      5        3       0.000012    20.0     0.3330     1   20.000000       0.008
   PKD    BHZ BK  00    1     1      5        3       0.000012    20.0     0.3330     1   20.000000       0.025
   CWC    BHZ CI  --    1     1      7        3       0.000012    20.0     0.3330     1   20.000000       0.1
   FUR    BHZ CI  --    1     1      5        3       0.000012    20.0     0.3330     1   20.000000       0.1
   ISA    BHZ CI  --    1     1      5        3       0.000012    20.0     0.3330     1   20.000000       0.03
   TPNV   BHZ US  00    1     1      6        3       0.000012    20.0     0.3330     1   20.000000       0.24
   SHO    BHZ CI  --    1     1      8        3       0.000012    20.0     0.3330     1   20.000000       0.05
   PHL    BHZ CI  --    1     1      8        3       0.000012    20.0     0.3330     1   20.000000       0.01
   SMM    BHZ CI  --    1     1      5        3       0.000012    20.0     0.3330     1   20.000000       0.03
   BAK    BHZ CI  --    1     1      5        3       0.000012    20.0     0.3330     1   20.000000       0.006
   LRL    BHZ CI  --    1     1      5        3       0.000012    20.0     0.3330     1   20.000000       0.2
   GSC    BHZ CI  --    1     1      8        3       0.000012    20.0     0.3330     1   20.000000       0.025
   GMR    BHZ CI  --    1     1      5        3       0.000012    20.0     0.3330     1   20.000000       0.2
   MPP    BHZ CI  --    1     1      8        3       0.000012    20.0     0.3330     1   20.000000       0.05
   SCZ2   BHZ CI  --    1     1      5        3       0.000012    20.0     0.3330     1   20.000000       0.01
   ARV    BHZ CI  --    1     1      5        3       0.000012    20.0     0.3330     1   20.000000       0.03
   EDW2   BHZ CI  --    1     1      8        3       0.000012    20.0     0.3330     1   20.000000       0.1
   ADO    BHZ CI  --    1     1      8        3       0.000012    20.0     0.3330     1   20.000000       0.01
   IKP    BHZ CI  --    1     1      5        3       0.000012    20.0     0.3330     1   20.000000       0.05
   MWC    BHZ CI  --    1     1      5        3       0.000012    20.0     0.3330     1   20.000000       0.06
   BFS    BHZ CI  --    1     1      5        3       0.000012    20.0     0.3330     1   20.000000       0.06
   PASC   BHZ CI  00    1     1      5        3       0.000012    20.0     0.3330     1   20.000000       0.015
   DGR    BHZ CI  --    1     1      5        3       0.000012    20.0     0.3330     1   20.000000       0.12
   IRM    BHZ CI  --    1     1      8        3       0.000012    20.0     0.3330     1   20.000000       0.2
   OSI    BHZ CI  --    1     1      5        3       0.000012    20.0     0.3330     1   20.000000       0.003
   LGU    BHZ CI  --    1     1      5        3       0.000012    20.0     0.3330     1   20.000000       0.03
   SNCC   BHZ CI  --    1     1      7        3       0.000012    20.0     0.3330     1   20.000000       0.002
   CIA    BHZ CI  --    1     1      5        3       0.000012    20.0     0.3330     1   20.000000       0.03
   PDM    BHZ CI  --    1     1      8        3       0.000012    20.0     0.3330     1   20.000000       0.1
   KNW    BHZ AZ  --    1     1      5        3       0.000012    20.0     0.3330     1   20.000000       0.15
   PFO    BHZ II  00    1     1      5        3       0.000012    20.0     0.3330     1   20.000000       0.02
   LVA2   BHZ AZ  --    1     1      5        3       0.000012    20.0     0.3330     1   20.000000       0.1
   HWB    BHZ AZ  --    1     1      5        3       0.000012    20.0     0.3330     1   20.000000       0.15
   MONP2  BHZ AZ  --    1     1      5        3       0.000012    20.0     0.3330     1   20.000000       0.1
   GLA    BHZ CI  --    1     1      6        3       0.000012    20.0     0.3330     1   20.000000       0.02
   TUC    BHZ IU  00    1     1      6        3       0.000012    20.0     0.3330     1   20.000000       0.04
   ANMO   BHZ IU  00    1     1      5        3       0.000012    20.0     0.3330     1   20.000000       0.03
   DAG    BHZ GE  --    1     1      5        3       0.000012    20.0     0.3330     1   20.000000       0.3
   SUMG   BHZ GE  --    1     1      5        3       0.000012    20.0     0.3330     1   20.000000       0.12
   SFJD   BHZ IU  00    1     1      5        3       0.000012    20.0     0.3330     1   20.000000       0.007
   RES    BHZ CN  --    1     1      5        3       0.000012    20.0     0.3330     1   20.000000       0.016
   FRB    BHZ CN  --    1     1      5        3       0.000012    20.0     0.3330     1   20.000000       0.004
   SCHQ   BHZ CN  --    1     1      5        3       0.000012    20.0     0.3330     1   20.000000       0.005
   DRLN   BHZ CN  --    1     1      5        3       0.000012    20.0     0.3330     1   20.000000       0.0025
   ICQ    BHZ CN  --    1     1      5        3       0.000012    20.0     0.3330     1   20.000000       0.005
   LMQ    HHZ CN  --    1     1      5        3       0.000012    20.0     0.3330     1   20.000000       0.005
   KAPO   BHZ CN  --    1     1      5        3       0.000012    20.0     0.3330     1   20.000000       0.015
   KGNO   BHZ CN  --    1     1      5        3       0.000012    20.0     0.3330     1   20.000000       0.03
   SADO   BHZ CN  --    1     1      5        3       0.000012    20.0     0.3330     1   20.000000       0.015
   VLDQ   BHZ CN  --    1     1      5        3       0.000012    20.0     0.3330     1   20.000000       0.005
   LMN    BHZ CN  --    1     1      5        3       0.000012    20.0     0.3330     1   20.000000       0.0025
   GBN    HHZ CN  --    1     1      5        3       0.000012    20.0     0.3330     1   20.000000       0.01
   GGN    BHZ CN  --    1     1      5        3       0.000012    20.0     0.3330     1   20.000000       0.0025
   EMMW   BHZ NE  --    1     1      5        3       0.000012    20.0     0.3330     1   20.000000       0.03
   PKME   BHZ US  00    1     1      5        3       0.000012    20.0     0.3330     1   20.000000       0.024
   WVL    BHZ NE  --    1     1      5        3       0.000012    20.0     0.3330     1   20.000000       0.03
   LBNH   BHZ US  00    1     1      5        3       0.000012    20.0     0.3330     1   20.000000       0.05
   NCB    BHZ LD  --    1     1      5        3       0.000012    20.0     0.3330     1   20.000000       0.04
   ACCN   BHZ LD  --    1     1      5        3       0.000012    20.0     0.3330     1   20.000000       0.03
   HNH    BHZ NE  --    1     1      5        3       0.000012    20.0     0.3330     1   20.000000       0.03
   FFD    BHZ NE  --    1     1      5        3       0.000012    20.0     0.3330     1   20.000000       0.02
   HCNY   BHZ LD  --    1     1      5        3       0.000012    20.0     0.3330     1   20.000000       0.02
   HRV    BHZ IU  00    1     1      6        3       0.000012    20.0     0.3330     1   20.000000       0.012
   QUA2   BHZ NE  --    1     1      5        3       0.000012    20.0     0.3330     1   20.000000       0.03
   BRYW   BHZ NE  --    1     1      5        3       0.000012    20.0     0.3330     1   20.000000       0.03
   YLE    BHZ NE  --    1     1      5        3       0.000012    20.0     0.3330     1   20.000000       0.03
   PAL    BHZ LD  --    1     1      5        3       0.000012    20.0     0.3330     1   20.000000       0.015
   CPNY   BHZ LD  --    1     1      5        3       0.000012    20.0     0.3330     1   20.000000       0.015
   CUNY   HHZ LD  --    1     1      5        3       0.000012    20.0     0.3330     1   20.000000       0.015
   BRNJ   BHZ LD  --    1     1      5        3       0.000012    20.0     0.3330     1   20.000000       0.03
   PANJ   BHZ LD  --    1     1      5        3       0.000012    20.0     0.3330     1   20.000000       0.03
   BINY   BHZ US  00    1     1      5        3       0.000012    20.0     0.3330     1   20.000000       0.05
   POTS   HHZ LD  --    1     1      5        3       0.000012    20.0     0.3330     1   20.000000       0.03
   NPNY   BHZ LD  --    1     1      5        3       0.000012    20.0     0.3330     1   20.000000       0.03
   BRNY   BHZ LD  --    1     1      5        3       0.000012    20.0     0.3330     1   20.000000       0.03
   ODNJ   BHZ LD  --    1     1      5        3       0.000012    20.0     0.3330     1   20.000000       0.03
   FRNY   BHZ LD  --    1     1      5        3       0.000012    20.0     0.3330     1   20.000000       0.06
   LONY   BHZ US  00    1     1      5        3       0.000012    20.0     0.3330     1   20.000000       0.05
   MMNY   HHZ LD  --    1     1      5        0       0.000012    20.0     0.3330     1   20.000000       0.025
   ERPA   BHZ US  00    1     1      5        3       0.000012    20.0     0.3330     1   20.000000       0.02
   JFWS   BHZ US  00    1     1      5        3       0.000012    20.0     0.3330     1   20.000000       0.05
   GLMI   BHZ US  00    1     1      5        3       0.000012    20.0     0.3330     1   20.000000       0.001
   AAM    BHZ US  00    1     1      5        3       0.000012    20.0     0.3330     1   20.000000       0.03
   SSPA   BHZ IU  00    1     1      5        3       0.000012    20.0     0.3330     1   20.000000       0.03
   FMPA   HHZ LD  --    1     1      5        3       0.000012    20.0     0.3330     1   20.000000       0.05
   LUPA   HHZ LD  --    1     1      5        3       0.000012    20.0     0.3330     1   20.000000       0.2
   MCWV   BHZ US  00    1     1      5        3       0.000012    20.0     0.3330     1   20.000000       0.1
   SDMD   HHZ LD  --    1     1      5        3       0.000012    20.0     0.3330     1   20.000000       0.025
   CBN    BHZ US  00    1     1      5        3       0.000012    20.0     0.3330     1   20.000000       0.03
   BLA    BHZ US  00    1     1      5        3       0.000012    20.0     0.3330     1   20.000000       0.05
   NCAT   BHZ PE  --    1     1      5        3       0.000012    20.0     0.3330     1   20.000000       0.025
   CBKS   BHZ US  00    1     1      5        3       0.000012    20.0     0.3330     1   20.000000       0.05
   CCM    BHZ IU  00    1     1      5        3       0.000012    20.0     0.3330     1   20.000000       0.05
   WVT    BHZ IU  00    1     1      5        3       0.000012    20.0     0.3330     1   20.000000       0.025
   SWET   HHZ ET  00    1     1      5        3       0.000012    20.0     0.3330     1   20.000000       0.05
   TZTN   BHZ US  00    1     1      5        3       0.000012    20.0     0.3330     1   20.000000       0.05
   KMSC   BHZ TA  --    1     1      5        3       0.000012    20.0     0.3330     1   20.000000       0.025
   JSC    HHZ CO  00    1     1      5        3       0.000012    20.0     0.3330     1   20.000000       0.05
   CNNC   BHZ US  00    1     1      5        3       0.000012    20.0     0.3330     1   20.000000       0.025
   BBSR   BHZ IU  00    1     1      6        3       0.000012    20.0     0.3330     1   20.000000       0.00025
   NHSC   BHZ US  00    1     1      5        3       0.000012    20.0     0.3330     1   20.000000       0.015
   GOGA   BHZ US  00    1     1      5        3       0.000012    20.0     0.3330     1   20.000000       0.006
   BRAL   BHZ US  00    1     1      5        3       0.000012    20.0     0.3330     1   20.000000       0.003
   451A   BHZ TA  --    1     1      5        3       0.000012    20.0     0.3330     1   20.000000       0.03
   253A   BHZ TA  --    1     1      5        3       0.000012    20.0     0.3330     1   20.000000       0.03
   553A   BHZ TA  --    1     1      5        3       0.000012    20.0     0.3330     1   20.000000       0.03
   655A   BHZ TA  --    1     1      5        3       0.000012    20.0     0.3330     1   20.000000       0.03
   957A   BHZ TA  --    1     1      5        3       0.000012    20.0     0.3330     1   20.000000       0.03
   LRAL   BHZ US  00    1     1      5        3       0.000012    20.0     0.3330     1   20.000000       0.1
   059Z   BHZ TA  --    1     1      5        3       0.000012    20.0     0.3330     1   20.000000       0.03
   060A   BHZ TA  --    1     1      5        3       0.000012    20.0     0.3330     1   20.000000       0.03
   658A   BHZ TA  --    1     1      5        3       0.000012    20.0     0.3330     1   20.000000       0.03
   457A   BHZ TA  --    1     1      5        3       0.000012    20.0     0.3330     1   20.000000       0.01
   257A   BHZ TA  --    1     1      5        3       0.000012    20.0     0.3330     1   20.000000       0.015
   Z55A   BHZ TA  --    1     1      5        3       0.000012    20.0     0.3330     1   20.000000       0.05
   X53A   BHZ TA  --    1     1      5        3       0.000012    20.0     0.3330     1   20.000000       0.1
   OXF    BHZ US  00    1     1      5        3       0.000012    20.0     0.3330     1   20.000000       0.08
   MIAR   BHZ US  00    1     1      5        3       0.000012    20.0     0.3330     1   20.000000       0.08
   VBMS   BHZ US  00    1     1      5        3       0.000012    20.0     0.3330     1   20.000000       0.02
   WMOK   BHZ US  00    1     1      5        3       0.000012    20.0     0.3330     1   20.000000       0.15
   546A   BHZ TA  --    1     1      5        3       0.000012    20.0     0.3330     1   20.000000       0.003
   447A   BHZ TA  --    1     1      5        3       0.000012    20.0     0.3330     1   20.000000       0.015
   HKT    BHZ IU  00    1     1      5        3       0.000012    20.0     0.3330     1   20.000000       0.04
   NATX   BHZ US  00    1     1      5        3       0.000012    20.0     0.3330     1   20.000000       0.02
   441A   BHZ TA  --    1     1      5        3       0.000012    20.0     0.3330     1   20.000000       0.008
   544A   BHZ TA  --    1     1      5        3       0.000012    20.0     0.3330     1   20.000000       0.003
   DWPF   BHZ IU  00    1     1      6        3       0.000012    20.0     0.3330     1   20.000000       0.003
   KVTX   BHZ US  00    1     1      5        3       0.000012    20.0     0.3330     1   20.000000       0.02
   SPIG   BHZ MX  --    1     1      5        0       0.000012    20.0     0.3330     0   20.000000       0.03
   CGIG   BHZ MX  --    1     1      5        3       0.000012    20.0     0.3330     1   20.000000       0.1
   HSIG   BHZ MX  --    1     1      5        3       0.000012    20.0     0.3330     1   20.000000       0.1
   SRIG   BHZ MX  --    1     1      5        3       0.000012    20.0     0.3330     1   20.000000       0.03
   HPIG   BHZ MX  --    1     1      5        3       0.000012    20.0     0.3330     1   20.000000       0.1
   LPIG   BHZ MX  --    1     1      5        3       0.000012    20.0     0.3330     1   20.000000       0.01
   SLBS   BHZ IU  00    1     1      6        3       0.000012    20.0     0.3330     1   20.000000       0.01
   MAIG   BHZ MX  --    1     1      5        3       0.000012    20.0     0.3330     1   20.000000       0.03
   LNIG   BHZ MX  --    1     1      6        3       0.000012    20.0     0.3330     1   20.000000       0.1
   ZAIG   BHZ MX  --    1     1      6        3       0.000012    20.0     0.3330     1   20.000000       0.1
   CJIG   BHZ MX  --    1     1      6        3       0.000012    20.0     0.3330     1   20.000000       0.1
   CLMX   BHZ UC  --    1     1      5        3       0.000012    20.0     0.3330     0   20.000000       0.04
   JRQG   BHZ MG  --    1     1      6        0       0.000012    20.0     0.3330     1   20.000000       0.04
   CUIG   BHZ MX  --    1     1      5        3       0.000012    20.0     0.3330     1   20.000000       0.008
   LVIG   BHZ MX  --    1     1      6        3       0.000012    20.0     0.3330     1   20.000000       0.08
   ZIIG   BHZ MX  --    1     1      6        3       0.000012    20.0     0.3330     1   20.000000       0.04
   UNM    BHZ  G  00    1     1      5        3       0.000012    20.0     0.3330     1   20.000000       0.0015
   TPIG   BHZ MX  --    1     1      5        3       0.000012    20.0     0.3330     1   20.000000       0.06
   TUIG   BHZ MX  --    1     1      6        3       0.000012    20.0     0.3330     1   20.000000       0.01
   SCIG   BHZ MX  --    1     1      6        3       0.000012    20.0     0.3330     1   20.000000       0.02
   PNIG   BHZ MX  --    1     1      6        3       0.000012    20.0     0.3330     1   20.000000       0.08
   TGIG   BHZ MX  --    1     1      6        3       0.000012    20.0     0.3330     1   20.000000       0.08
   PCIG   BHZ MX  --    1     1      6        3       0.000012    20.0     0.3330     1   20.000000       0.02
   TEIG   BHZ IU  00    1     1      5        3       0.000012    20.0     0.3330     1   20.000000       0.02
   FSCY   HHZ CY  01    1     1      5        3       0.000012    20.0     0.3330     1   20.000000       0.005
   CBCY   HHZ CY  01    1     1      5        3       0.000012    20.0     0.3330     1   20.000000       0.0075
   TGUH   BHZ CU  00    1     1      5        3       0.000012    20.0     0.3330     1   20.000000       0.012
   ESTN   BHZ NU  --    1     1      5        3       0.000012    20.0     0.3330     1   20.000000       0.03
   CRIN   BHZ NU  --    1     1      5        3       0.000012    20.0     0.3330     1   20.000000       0.00375
   CNGN   BHZ NU  --    1     1      5        3       0.000012    20.0     0.3330     1   20.000000       0.03
   MGAN   BHZ NU  --    1     1      8        3       0.000012    20.0     0.3330     1   20.000000       0.01
   ESPN   BHZ NU  --    1     1      5        3       0.000012    20.0     0.3330     1   20.000000       0.03
   MASN   BHZ NU  --    1     1      5        3       0.000012    20.0     0.3330     1   20.000000       0.001
   ACON   BHZ NU  --    1     1      5        3       0.000012    20.0     0.3330     1   20.000000       0.03
   BLUN   BHZ NU  --    1     1      5        3       0.000012    20.0     0.3330     1   20.000000       0.03
   JTS    BHZ II  10    1     1      5        3       0.000012    20.0     0.3330     1   20.000000       0.02
   HDC    BHZ  G  00    1     1      8        3       0.000012    20.0     0.3330     1   20.000000       0.0025
   BRU2   HHZ PA  --    1     1      5        3       0.000012    20.0     0.3330     1   20.000000       0.05
   BCIP   BHZ CU  00    1     1      5        3       0.000012    20.0     0.3330     1   20.000000       0.003
   FLO2   BHZ CM  01    1     1      5        3       0.000012    20.0     0.3330     1   20.000000       0.03
   TUM    BHZ CM  01    1     1      5        3       0.000012    20.0     0.3330     1   20.000000       0.004
   MAP    BHZ CM  01    1     1      5        3       0.000012    20.0     0.3330     1   20.000000       0.004
   PRA    BHZ CM  01    1     1      5        3       0.000012    20.0     0.3330     1   20.000000       0.03
   HEL    BHZ CM  01    1     1      5        3       0.000012    20.0     0.3330     1   20.000000       0.03
   RUS    BHZ CM  01    1     1      5        3       0.000012    20.0     0.3330     1   20.000000       0.1
   CAP2   BHZ CM  01    1     1      5        3       0.000012    20.0     0.3330     1   20.000000       0.0075
   MON    BHZ CM  01    1     1      5        3       0.000012    20.0     0.3330     1   20.000000       0.03
   SJC    BHZ CM  01    1     1      5        3       0.000012    20.0     0.3330     1   20.000000       0.03
   URI    BHZ CM  01    1     1      5        3       0.000012    20.0     0.3330     1   20.000000       0.03
   ANWB   BHZ CU  00    1     1      5        3       0.000012    20.0     0.3330     1   20.000000       0.003
   GTBY   BHZ CU  00    1     1      5        3       0.000012    20.0     0.3330     1   20.000000       0.006
   PAPH   HHZ CN  --    1     1      5        3       0.000012    20.0     0.3330     1   20.000000       0.02
   LGNH   HHZ CN  --    1     1      5        3       0.000012    20.0     0.3330     1   20.000000       0.02
   JAKH   HHZ CN  --    1     1      5        3       0.000012    20.0     0.3330     1   20.000000       0.025
   GRTK   BHZ CU  00    1     1      5        3       0.000012    20.0     0.3330     1   20.000000       0.003
   MTDJ   BHZ CU  00    1     1      5        3       0.000012    20.0     0.3330     1   20.000000       0.003
   HATO   SHZ DR  --    1     1      5        0       0.000012    20.0     0.3330     0   24.998001       0.01
   IDE    SHZ PR  --    1     1      5        0       0.000012    20.0     0.3330     0   20.000000       0.0006
   SDDR   BHZ CU  00    1     1      5        3       0.000012    20.0     0.3330     1   20.000000       0.02
   SC01   BHZ DR  --    1     1      5        3       0.000012    20.0     0.3330     1   20.000000       0.02
   SDD    BHZ DR  --    1     1      5        3       0.000012    20.0     0.3330     1   20.000000       0.005
   AGPR   BHZ PR  --    1     1      8        3       0.000012    20.0     0.3330     1   20.000000       0.005
   MPR    BHZ PR  --    1     1      5        3       0.000012    20.0     0.3330     1   20.000000       0.005
   AOPR   BHZ PR  --    1     1      5        3       0.000012    20.0     0.3330     1   20.000000       0.04
   CRPR   BHZ PR  --    1     1      5        3       0.000012    20.0     0.3330     1   20.000000       0.04
   ICMP   BHZ PR  --    1     1      5        3       0.000012    20.0     0.3330     1   20.000000       0.03
   SJG    BHZ IU  00    1     1      8        3       0.000012    20.0     0.3330     1   20.000000       0.005
   CBYP   BHZ PR  --    1     1      5        3       0.000012    20.0     0.3330     1   20.000000       0.02
   HUMP   BHZ PR  --    1     1      5        3       0.000012    20.0     0.3330     1   20.000000       0.03
   MTP    BHZ PR  --    1     1      5        3       0.000012    20.0     0.3330     1   20.000000       0.02
   STVI   BHZ PR  --    1     1      6        3       0.000012    20.0     0.3330     1   20.000000       0.04
   ABVI   BHZ PR  --    1     1      5        3       0.000012    20.0     0.3330     0   20.000000       0.005
   CDVI   BHZ PR  --    1     1      8        3       0.000012    20.0     0.3330     1   20.135309       0.01
   SMRT   BHZ NA  --    1     1      5        3       0.000012    20.0     0.3330     1   20.000000       0.01
   SABA   BHZ NA  --    1     1      5        3       0.000012    20.0     0.3330     1   20.000000       0.005
   SEUS   BHZ NA  --    1     1      5        3       0.000012    20.0     0.3330     1   20.000000       0.01
   DHS    HHZ GL  00    1     1      5        3       0.000012    20.0     0.3330     1   20.000000       0.03
   DSD    HHZ GL  00    1     1      5        3       0.000012    20.0     0.3330     1   20.000000       0.03
   FDF    BHZ  G  00    1     1      8        3       0.000012    20.0     0.3330     1   20.000000       0.005
   BBGH   BHZ CU  00    1     1      5        3       0.000012    20.0     0.3330     1   20.000000       0.0005
   GRGR   BHZ CU  00    1     1      5        3       0.000012    20.0     0.3330     1   20.000000       0.002
   SDV    BHZ IU  00    1     1      5        3       0.000012    20.0     0.3330     1   20.000000       0.008
   OTAV   BHZ IU  00    1     1      5        3       0.000012    20.0     0.3330     1   20.000000       0.025
   PAYG   BHZ IU  00    1     1      5        3       0.000012    20.0     0.3330     1   20.000000       0.002
   SAML   BHZ IU  10    1     1      5        3       0.000012    20.0     0.3330     1   20.000000       0.00625
   PTGA   BHZ IU  10    1     1      5        3       0.000012    20.0     0.3330     1   20.000000       0.003
   RCBR   BHZ IU  00    1     1      5        3       0.000012    20.0     0.3330     1   20.000000       0.00625
   NNA    BHZ II  00    1     1      5        3       0.000012    20.0     0.3330     1   20.000000       0.005
   LPAZ   BHZ GT  00    1     1      5        3       0.000012    20.0     0.3330     1   20.000000       0.01
   PSGCX  BHZ CX  --    1     1      5        3       0.000012    20.0     0.3330     1   20.000000       0.03
   PB08   BHZ CX  --    1     1      5        3       0.000012    20.0     0.3330     1   20.000000       0.12
   PB02   BHZ CX  --    0     1      5        3       0.000012    20.0     0.3330     1   20.000000       0.03
   PB04   BHZ CX  --    0     1      5        3       0.000012    20.0     0.3330     1   20.000000       0.03
   PB06   BHZ CX  --    0     1      5        3       0.000012    20.0     0.3330     1   20.000000       0.03
   PB10   BHZ CX  --    1     1      5        3       0.000012    20.0     0.3330     1   20.000000       0.008
   PB14   BHZ CX  --    1     1      5        3       0.000012    20.0     0.3330     1   20.000000       0.04
   CPUP   BHZ GT  00    1     1      5        3       0.000012    20.0     0.3330     1   20.000000       0.005
   PMNB   HHZ BL  --    1     1      5        3       0.000012    20.0     0.3330     1   20.000000       0.06
   LVC    BHZ IU  00    1     1      5        3       0.000012    20.0     0.3330     1   20.000000       0.025
   LCO    BHZ IU  --    1     1      5        3       0.000012    20.0     0.3330     1   20.000000       0.05
   ZON    HHZ WA  --    1     1      5        3       0.000012    20.0     0.3330     1   20.000000       0.05
   PEL    BHZ  G  00    1     1      8        3       0.000012    20.0     0.3330     1   20.000000       0.005
   GO05   BHZ  C  --    1     1      5        3       0.000012    20.0     0.3330     1   20.000000       0.06
   TRQA   BHZ IU  00    1     1      5        3       0.000012    20.0     0.3330     1   20.000000       0.0125
   PLCA   BHZ GT  00    1     1      5        3       0.000012    20.0     0.3330     1   20.000000       0.005
   COYC   BHZ  G  00    1     1      5        3       0.000012    20.0     0.3330     1   20.000000       0.02
   CHRN   BHZ  C  --    1     1      5        3       0.000012    20.0     0.3330     1   20.000000       0.12
   GO09   BHZ  C  --    1     1      5        3       0.000012    20.0     0.3330     1   20.000000       0.03
   GO10   BHZ  C  --    1     1      5        0       0.000012    20.0     0.3330     1   20.000000       6e-005
   TRIS   BHZ IU  00    1     1      5        3       0.000012    20.0     0.3330     1   20.000000       0.005
   EFI    BHZ II  10    1     1      5        3       0.000012    20.0     0.3330     1   20.000000       0.0025
   HOPE   BHZ II  00    1     1      5        3       0.000030    20.0     0.3330     1   20.000000       0.004
   PMSA   BHZ IU  00    1     1      5        3       0.000012    20.0     0.3330     1   20.000000       0.005
   SNAA   BHZ GE  --    1     1      5        3       0.000012    20.0     0.3330     1   20.000000       0.002
   MAW    BHZ AU  --    1     1      5        3       0.000012    20.0     0.3330     1   20.000000       0.01
   RPN    BHZ II  00    1     1      6        3       0.000012    20.0     0.3330     1   20.000000       0.0012
   TAOE   BHZ  G  00    1     1      5        3       0.000012    20.0     0.3330     1   25.000000       0.005
   SPDD   EHZ HV  --    1     1      5        0       0.000030    20.0     0.3330     0   20.000000       0.15
   HULD   HHZ HV  --    1     1      5        3       0.000030    20.0     0.3330     1   20.000000       0.008
   KHU    HHZ PT  --    1     1      5        3       0.000030    20.0     0.3330     1   20.000000       0.012
   HPO    HNZ PT  --    1     1      5        0       0.000012    20.0     0.3330     1   20.000000       0.15
   STCD   HHZ HV  --    1     1      5        3       0.000030    20.0     0.3330     1   20.000000       0.01
   KII    EHZ HV  --    1     0      5        0       0.000030    20.0     0.3330     0   20.000000       0.1
   UWE    HHZ HV  --    1     1      5        3       0.000030    20.0     0.3330     1   20.000000       0.004
   NAGD   EHZ HV  --    1     1      5        3       0.000030    20.0     0.3330     0   20.000000       0.1
   POHA   BHZ IU  00    1     1      5        3       0.000030    20.0     0.3330     1   20.000000       0.002
   HILB   HHZ PT  --    1     1      5        3       0.000012    20.0     0.3330     1   20.000000       0.01
   DHH    HNZ PT  --    1     1      5        0       0.000030    20.0     0.3330     0   20.000000       0.2
   KKH    HNZ PT  --    1     1      5        0       0.000030    20.0     0.3330     0   20.000000       0.4
   KHLU   HHZ PT  --    1     1      5        3       0.000030    20.0     0.3330     1   20.000000       0.008
   WMR    HNZ PT  --    1     1      5        0       0.000030    20.0     0.3330     0   20.000000       0.2
   KKUD   EHZ HV  --    1     0      5        3       0.000030    20.0     0.3330     0   20.000000       0.08
   LPH    HNZ PT  --    1     1      5        0       0.000012    20.0     0.3330     1   20.000000       0.3
   HPAH   HHZ PT  --    1     1      5        3       0.000012    20.0     0.3330     1   20.000000       0.005
   KOHD   EHZ HV  --    1     0      5        0       0.000030    20.0     0.3330     0   20.000000       0.04
   KEKH   HHZ PT  --    1     1      5        3       0.000012    20.0     0.3330     1   20.000000       0.005
   LIH    HHZ PT  --    1     1      5        3       0.000012    20.0     0.3330     1   20.000000       0.005
   OPA    HHZ PT  --    1     1      5        3       0.000012    20.0     0.3330     1   20.000000       0.005
   KIP    BHZ IU  00    1     1      5        3       0.000012    20.0     0.3330     1   20.000000       0.001
   KHLH   HHZ PT  --    1     1      5        3       0.000012    20.0     0.3330     1   20.000000       0.008
   HLK    HHZ PT  --    1     1      5        3       0.000030    20.0     0.3330     1   20.000000       0.004
   MIDW   BHZ PT  --    1     1      5        3       0.000012    20.0     0.3330     1   20.000000       0.001
   WAKE   BHZ IU  00    1     1      5        3       0.000012    20.0     0.3330     1   20.000000       0.001
   JOHN   BHZ IU  00    1     1      5        3       0.000012    20.0     0.3330     1   20.000000       0.000625
   KWAJ   BHZ II  10    1     1      5        3       0.000096    20.0     0.3330     1   20.000000       0.0025
   FUNA   BHZ IU  10    1     1      5        3       0.000012    20.0     0.3330     1   20.000000       0.0025
   XMAS   BHZ IU  10    1     1      5        3       0.000012    20.0     0.3330     1   20.000000       0.001
   TARA   BHZ IU  00    1     1      9        3       0.000012    20.0     0.3330     1   20.000000       0.0015
   KNTN   BHZ IU  00    1     1      5        3       0.000012    20.0     0.3330     1   20.000000       0.0025
   RAR    BHZ IU  10    1     1      5        3       0.000012    20.0     0.3330     1   20.000000       0.00025
   PPTF   BHZ  G  00    1     1      5        3       0.000012    20.0     0.3330     1   20.000000       0.001
   AFI    BHZ IU  00    1     1      5        3       0.000012    20.0     0.3330     1   20.000000       0.0025
   MSVF   BHZ II  00    1     1      5        3       0.000012    20.0     0.3330     1   20.000000       0.01
   RAO    BHZ IU  00    1     1      5        3       0.000024    40.0     0.3330     1   20.000000       1
   NIUE   BHZ AU  --    1     1      6        3       0.000012    20.0     0.3330     1   20.000000       0.0012
   LHI    BHZ AU  --    1     1      6        3       0.000012    20.0     0.3330     1   20.000000       0.0025
   NFK    BHZ AU  --    1     1      5        3       0.000012    20.0     0.3330     1   20.000000       0.002
   OUZ    HHZ NZ  10    1     1      6        3       0.000012    20.0     0.3330     1   20.000000       0.01
   BKZ    HHZ NZ  10    1     1      6        3       0.000012    20.0     0.3330     1   20.000000       0.04
   QRZ    HHZ NZ  10    1     1      6        3       0.000012    20.0     0.3330     1   20.000000       0.0025
   SNZO   BHZ IU  10    1     1      6        3       0.000012    20.0     0.3330     1   20.000000       0.003
   ODZ    HHZ NZ  10    1     1      6        3       0.000012    20.0     0.3330     1   20.000000       0.005
   MCQ    BHZ AU  --    1     1      6        3       0.000012    20.0     0.3330     1   20.000000       0.00012
   SBA    BHZ IU  00    1     1      5        3       0.000012    20.0     0.3330     1   20.000000       0.008
   TAU    BHZ II  00    1     1      5        3       0.000012    20.0     0.3330     1   20.000000       0.003
   HNR    BHZ IU  10    1     1      5        3       0.000024    20.0     0.3330     1   20.000000       0.0015
   PTCN   BHZ PT  --    1     1      5        3       0.000012    20.0     0.3330     1   20.000000       0.0025
   SANVU  BHZ  G  00    1     1      5        3       0.000012    20.0     0.3330     1   20.000000       0.008
   DZM    BHZ  G  00    1     1      5        3       0.000012    20.0     0.3330     1   20.000000       0.03
   MANU   BHZ AU  --    1     1      5        3       0.000012    20.0     0.3330     1   20.000000       0.007
   PMG    BHZ IU  00    1     1      5        3       0.000012    20.0     0.3330     1   20.000000       0.01
   LIFNC  BHZ ND  00    1     1      5        3       0.000012    20.0     0.3330     1   20.000000       6e-005
   RABL   BHZ AU  --    1     1      6        3       0.000012    20.0     0.3330     1   20.000000       0.0025
   KOUNC  BHZ ND  00    1     1      5        3       0.000012    20.0     0.3330     1   20.000000       0.0005
   COEN   BHZ AU  --    1     1      6        3       0.000012    20.0     0.3330     1   20.000000       0.01
   CTAO   BHZ IU  00    1     1      5        3       0.000012    20.0     0.3330     1   20.000000       0.006
   EIDS   BHZ AU  --    1     1      5        3       0.000012    20.0     0.3330     1   20.000000       0.015
   CNB    BHZ AU  --    1     1      6        3       0.000012    20.0     0.3330     1   20.000000       0.012
   WRAB   BHZ II  00    1     1      5        3       0.000012    20.0     0.3330     1   20.000000       0.01
   NWAO   BHZ IU  00    1     1      5        3       0.000012    20.0     0.3330     1   20.000000       0.01
   BBOO   BHZ AU  --    1     1      9        3       0.000012    20.0     0.3330     1   20.000000       0.02
   MBWA   BHZ IU  00    1     1      5        3       0.000012    20.0     0.3330     1   20.000000       0.015
   KNRA   BHZ AU  --    1     1      6        3       0.000012    20.0     0.3330     1   20.000000       0.012
   FITZ   BHZ AU  --    1     1      5        3       0.000012    20.0     0.3330     1   20.000000       0.008
   COCO   BHZ II  00    1     1      5        3       0.000012    20.0     0.3330     1   20.000000       0.00054
   XMIS   BHZ AU  --    1     1      5        3       0.000012    20.0     0.3330     1   20.000000       0.002
   MSEY   BHZ II  00    1     1      5        3       0.000096    20.0     0.3330     1   20.000000       0.01
   MNC    HHZ IN  --    1     1      5        3       0.000012    20.0     0.3330     1   20.000000       0.03
   HMDM   BHZ GE  --    1     1      5        3       0.000012    20.0     0.3330     1   20.000000       0.005
   SHL    HHZ IN  --    1     1      5        3       0.000012    20.0     0.3330     1   20.000000       0.03
   PBA    HHZ IN  --    1     1      5        3       0.000012    20.0     0.3330     1   20.000000       0.03
   DGAR   BHZ II  00    1     1      5        3       0.000012    20.0     0.3330     1   20.000000       0.001
   PAF    BHZ  G  10    1     1      8        3       0.000012    20.0     0.3330     1   20.000000       0.00125
   CRZF   BHZ  G  10    1     1      8        3       0.000012    20.0     0.3330     1   20.000000       0.00125
   CASY   BHZ IU  00    1     1      5        3       0.000012    20.0     0.3330     1   20.000000       0.01
   PALK   BHZ II  10    1     1      5        3       0.000012    20.0     0.3330     1   20.000000       0.01
   UGM    BHZ GE  --    1     1      5        3       0.000012    20.0     0.3330     1   20.000000       0.01
   KAPI   BHZ II  00    1     1      5        3       0.000012    20.0     0.3330     1   20.000000       0.02
   LUWI   BHZ GE  --    1     1      5        3       0.000012    20.0     0.3330     1   20.000000       0.02
   MMRI   BHZ GE  --    1     1      5        3       0.000012    20.0     0.3330     1   20.000000       0.02
   DAV    BHZ IU  00    1     1      5        3       0.000012    20.0     0.3330     1   20.000000       0.001
   TNTI   BHZ GE  --    1     1      5        3       0.000012    20.0     0.3330     1   20.000000       0.04
   FAKI   BHZ GE  --    1     1      5        3       0.000012    20.0     0.3330     1   20.000000       0.04
   GENI   BHZ GE  --    1     1      5        3       0.000012    20.0     0.3330     1   20.000000       0.04
   CHTO   BHZ IU  00    1     1      5        3       0.000012    20.0     0.3330     1   20.000000       0.07
   PBKT   BHZ TM  --    1     1      5        3       0.000012    25.0     0.3330     1   20.000000       0.15
   UBPT   BHZ TM  --    1     1      5        3       0.000012    25.0     0.3330     1   20.000000       0.04
   SKLT   BHZ TM  --    1     1      5        3       0.000012    20.0     0.3330     1   20.000000       0.0001
   HKPS   BHZ HK  --    1     1      5        3       0.000012    20.0     0.3330     1   20.000000       0.005
   MNAI   BHZ GE  --    1     1      5        3       0.000012    20.0     0.3330     1   20.000000       0.0025
   PMBI   BHZ GE  --    1     1      5        3       0.000012    20.0     0.3330     1   20.000000       0.001
   KUM    BHZ MY  --    1     1      6        3       0.000012    20.0     0.3330     1   20.000000       0.075
   LHMI   BHZ GE  --    1     1      6        3       0.000012    20.0     0.3330     1   20.000000       0.02
   BTDF   BHZ MS  --    1     1      5        3       0.000012    20.0     0.3330     1   20.000000       0.03
   KSM    BHZ MY  --    1     1      6        3       0.000012    20.0     0.3330     1   20.000000       0.075
   BKB    BHZ GE  --    1     1      6        3       0.000012    20.0     0.3330     1   20.000000       0.01
   KKM    BHZ MY  --    1     1      6        3       0.000012    20.0     0.3330     1   20.000000       0.075
   KMNB   BHZ TW  --    1     1      5        3       0.000012    20.0     0.3330     1   20.000000       0.01
   SSLB   BHZ TW  --    1     1      5        3       0.000012    20.0     0.3330     1   20.000000       0.01
   SARN   BHZ MI  --    1     1      5        3       0.000012    20.0     0.3330     1   25.000000       0.008
   ANSW   BHZ MI  --    1     1      5        3       0.000012    20.0     0.3330     1   25.000000       0.004
   HTSP   BHZ MI  --    1     1      5        3       0.000012    20.0     0.3330     1   25.000000       0.006
   PATS   BHZ PS  --    1     1      5        3       0.000012    20.0     0.3330     1   20.000000       0.01
   GUMO   BHZ IU  00    1     1      5        3       0.000012    20.0     0.3330     1   20.000000       0.001
   TATO   BHZ IU  10    1     1      5        3       0.000012    20.0     0.3330     1   20.000000       0.0003
   INCN   BHZ IU  00    1     1      5        3       0.000012    20.0     0.3330     1   20.000000       0.005
   MAJO   BHZ IU  00    1     1      5        3       0.000012    20.0     0.3330     1   20.000000       0.01
   INU    BHZ  G  00    1     1      8        3       0.000012    20.0     0.3330     1   20.000000       0.01
   ASAJ   BHZ JP  --    1     1      5        3       0.000012    20.0     0.3330     1   20.000000       0.08
   ERM    BHZ II  00    1     1      5        3       0.000012    20.0     0.3330     1   20.000000       0.02
   JHJ2   BHZ JP  --    1     1      5        3       0.000012    20.0     0.3330     1   20.000000       0.002
   JNU    BHZ JP  --    1     1      5        3       0.000012    20.0     0.3330     1   20.000000       0.04
   JOW    BHZ JP  --    1     1      5        3       0.000012    20.0     0.3330     1   20.000000       0.01
   YOJ    BHZ JP  --    1     1      5        3       0.000012    20.0     0.3330     1   20.000000       0.005
   SZP    BHZ RM  --    1     1      5        3       0.000012    20.0     0.3330     1   20.000000       0.005
   CBIJ   BHZ JP  --    1     1      5        3       0.000012    20.0     0.3330     1   20.000000       0.008
   YSS    BHZ IU  00    1     1      5        3       0.000012    20.0     0.3330     1   20.000000       0.03
   YAK    BHZ IU  00    1     1      5        3       0.000012    20.0     0.3330     1   20.000000       0.02
   TIXI   BHZ IU  00    1     1      5        3       0.000012    20.0     0.3330     1   20.000000       0.2
   TLY    BHZ II  00    1     1      5        3       0.000012    20.0     0.3330     1   20.000000       0.05
   ULN    BHZ IU  00    1     1      5        3       0.000012    20.0     0.3330     1   20.000000       0.2
   KURK   BHZ II  00    1     1      5        3       0.000012    20.0     0.3330     1   20.000000       0.04
   MAKZ   BHZ IU  00    1     1      5        3       0.000012    20.0     0.3330     1   20.000000       0.06
   KKAR   BHZ KZ  --    1     1      5        3       0.000012    20.0     0.3330     1   20.000000       0.015
   ABKAR  BHZ KZ  --    1     1      5        3       0.000012    20.0     0.3330     1   20.000000       0.03
   FRU1   BHZ KR  --    1     1      5        3       0.000012    20.0     0.3330     1   20.000000       0.03
   PRZ    BHZ KR  --    1     1      5        3       0.000012    20.0     0.3330     1   20.000000       0.2
   BTK    BHZ KR  --    1     1      5        3       0.000012    20.0     0.3330     1   20.000000       0.03
   NIL    BHZ II  00    1     1      5        3       0.000012    20.0     0.3330     1   20.000000       0.03
   AAK    BHZ II  10    1     1      5        3       0.000012    20.0     0.3330     1   20.000000       0.1
   BRVK   BHZ II  00    1     1      5        3       0.000012    20.0     0.3330     1   20.000000       0.08
   KBS    BHZ IU  00    1     1      5        3       0.000012    20.0     0.3330     1   20.000000       0.005
   KEV    BHZ IU  00    1     1      5        3       0.000012    20.0     0.3330     1   20.000000       0.002
   OBN    BHZ II  00    1     1      5        3       0.000012    20.0     0.3330     1   20.000000       0.006
   VSU    BHZ GE  --    1     1      5        3       0.000012    20.0     0.3330     1   20.000000       0.02
   KONO   BHZ IU  00    1     1      5        3       0.000012    20.0     0.3330     1   20.000000       0.004
   BORG   BHZ II  00    1     1      5        3       0.000012    20.0     0.3330     1   20.000000       0.004
   DSB    BHZ GE  --    1     1      5        3       0.000012    20.0     0.3330     1   20.000000       0.04
   ESK    BHZ II  00    1     1      5        3       0.000012    20.0     0.3330     1   20.000000       0.004
   CMLA   BHZ II  00    1     1      5        3       0.000012    20.0     0.3330     1   20.000000       0.002
   MTE    BHZ GE  --    1     1      5        3       0.000012    20.0     0.3330     1   20.000000       0.04
   PESTR  BHZ PM  --    1     1      5        3       0.000012    20.0     0.3330     1   20.000000       0.04
   PVAQ   BHZ PM  --    1     1      5        3       0.000012    20.0     0.3330     1   20.000000       0.04
   PAB    BHZ IU  00    1     1      5        3       0.000012    20.0     0.3330     1   20.000000       0.01
   HGN    BHZ NL  02    1     1      5        3       0.000012    20.0     0.3330     1   20.000000       0.02
   SSB    BHZ  G  00    1     1      5        3       0.000012    20.0     0.3330     1   20.000000       0.01
   VSL    BHZ MN  --    1     1      6        3       0.000012    20.0     0.3330     1   20.000000       0.02
   CUC    BHZ MN  --    1     1      6        3       0.000012    20.0     0.3330     1   20.000000       0.15
   THTN   HHZ TT  00    1     1      5        3       0.000012    20.0     0.3330     1   20.000000       0.03
   TAMR   HHZ TT  00    1     1      5        3       0.000012    20.0     0.3330     1   20.000000       0.03
   WDD    BHZ MN  --    1     1      6        3       0.000012    20.0     0.3330     1   20.000000       0.02
   TAM    BHZ  G  00    1     1      5        3       0.000012    20.0     0.3330     1   20.000000       0.04
   PMOZ   BHZ PM  --    1     1      5        3       0.000012    20.0     0.3330     1   20.000000       0.01
   MACI   BHZ IU  --    1     1      5        3       0.000012    20.0     0.3330     1   20.000000       0.01
   SACV   BHZ II  00    1     1      5        3       0.000012    20.0     0.3330     1   20.000000       0.008
   BFO    BHZ II  00    1     1      5        3       0.000012    20.0     0.3330     1   20.000000       0.03
   PRU    BHZ CZ  --    1     1      6        3       0.000012    20.0     0.3330     1   20.000000       0.2
   DRGR   BHZ RO  --    1     1      5        3       0.000012    20.0     0.3330     1   20.000000       0.6
   VTS    BHZ MN  --    1     1      6        3       0.000012    20.0     0.3330     1   20.000000       0.15
   TIRR   BHZ GE  --    1     1      5        3       0.000012    20.0     0.3330     1   20.000000       0.08
   TIR    BHZ MN  --    1     1      6        3       0.000012    20.0     0.3330     1   20.000000       0.04
   IDI    BHZ MN  --    1     1      6        3       0.000012    20.0     0.3330     1   20.000000       0.0012
   ISP    BHZ GE  --    1     1      5        3       0.000012    20.0     0.3330     1   20.000000       0.02
   ANTO   BHZ IU  00    1     1      5        3       0.000012    20.0     0.3330     1   20.000000       0.04
   EIL    BHZ GE  --    1     1      5        3       0.000012    20.0     0.3330     1   20.000000       0.04
   RAYN   BHZ II  10    1     1      5        3       0.000012    20.0     0.3330     1   20.000000       0.05
   UOSS   BHZ II  00    1     1      5        3       0.000012    20.0     0.3330     1   20.000000       0.01
   ATD    BHZ  G  00    1     1      5        3       0.000012    20.0     0.3330     1   20.000000       0.008
   DAMY   BHZ GE  --    1     1      5        3       0.000012    20.0     0.3330     1   20.000000       0.03
   KIV    BHZ II  00    1     1      4        3       0.000012    20.0     0.3330     1   20.000000       0.05
   DBIC   BHZ GT  00    1     1      5        3       0.000012    20.0     0.3330     1   20.000000       0.005
   ASCN   BHZ II  00    1     1      5        3       0.000012    20.0     0.3330     1   20.000000       0.002
   SHEL   BHZ II  00    1     1      5        3       0.000012    20.0     0.3330     1   20.000000       0.008
   FURI   BHZ IU  10    1     1      5        3       0.000012    20.0     0.3330     1   20.000000       0.002
   MBAR   BHZ II  00    1     1      5        3       0.000012    20.0     0.3330     1   20.000000       0.4
   LSZ    BHZ IU  00    1     1      5        3       0.000012    20.0     0.3330     1   20.000000       0.06
   TSUM   BHZ IU  00    1     1      5        3       0.000012    20.0     0.3330     1   20.000000       0.01
   ABPO   BHZ II  00    1     1      5        3       0.000012    20.0     0.3330     1   20.000000       0.01
   MRIV   HHZ MR  --    1     1      5        3       0.000012    20.0     0.3330     1   20.000000       0.01
   SUR    BHZ II  00    1     1      5        3       0.000012    20.0     0.3330     1   20.000000       0.005
